[2017-12-13 16:39:31 477] [ERROR] [Thread-0] [JsonUtils:70] - 从JSON中提取 string 类型值 [real_roomid] 失败.
net.sf.json.JSONException: JSONObject["real_roomid"] not found.
	at net.sf.json.JSONObject.getString(JSONObject.java:2092) ~[json-lib-2.4-jdk15.jar:na]
	at exp.libs.utils.format.JsonUtils.getStr(JsonUtils.java:68) ~[classes/:na]
	at exp.bilibli.plugin.core.gift.WebSockClient.onMessage(WebSockClient.java:116) [classes/:na]
	at org.java_websocket.client.WebSocketClient.onWebsocketMessage(WebSocketClient.java:297) [Java-WebSocket-1.3.4.jar:na]
	at org.java_websocket.WebSocketImpl.decodeFrames(WebSocketImpl.java:423) [Java-WebSocket-1.3.4.jar:na]
	at org.java_websocket.WebSocketImpl.decode(WebSocketImpl.java:170) [Java-WebSocket-1.3.4.jar:na]
	at org.java_websocket.client.WebSocketClient.run(WebSocketClient.java:229) [Java-WebSocket-1.3.4.jar:na]
	at java.lang.Thread.run(Thread.java:662) [na:1.6.0_43]
[2017-12-13 16:39:31 478] [ERROR] [Thread-0] [JsonUtils:70] - 从JSON中提取 string 类型值 [roomid] 失败.
net.sf.json.JSONException: JSONObject["roomid"] not found.
	at net.sf.json.JSONObject.getString(JSONObject.java:2092) ~[json-lib-2.4-jdk15.jar:na]
	at exp.libs.utils.format.JsonUtils.getStr(JsonUtils.java:68) ~[classes/:na]
	at exp.bilibli.plugin.core.gift.WebSockClient.onMessage(WebSockClient.java:118) [classes/:na]
	at org.java_websocket.client.WebSocketClient.onWebsocketMessage(WebSocketClient.java:297) [Java-WebSocket-1.3.4.jar:na]
	at org.java_websocket.WebSocketImpl.decodeFrames(WebSocketImpl.java:423) [Java-WebSocket-1.3.4.jar:na]
	at org.java_websocket.WebSocketImpl.decode(WebSocketImpl.java:170) [Java-WebSocket-1.3.4.jar:na]
	at org.java_websocket.client.WebSocketClient.run(WebSocketClient.java:229) [Java-WebSocket-1.3.4.jar:na]
	at java.lang.Thread.run(Thread.java:662) [na:1.6.0_43]
[2017-12-13 16:45:10 281] [ERROR] [main] [JsonUtils:70] - 从JSON中提取 string 类型值 [real_roomid] 失败.
net.sf.json.JSONException: JSONObject["real_roomid"] not found.
	at net.sf.json.JSONObject.getString(JSONObject.java:2092) ~[json-lib-2.4-jdk15.jar:na]
	at exp.libs.utils.format.JsonUtils.getStr(JsonUtils.java:68) ~[classes/:na]
	at exp.bilibli.plugin.Main.main(Main.java:38) [classes/:na]
[2017-12-13 16:45:10 285] [ERROR] [main] [JsonUtils:70] - 从JSON中提取 string 类型值 [roomid] 失败.
net.sf.json.JSONException: JSONObject["roomid"] not found.
	at net.sf.json.JSONObject.getString(JSONObject.java:2092) ~[json-lib-2.4-jdk15.jar:na]
	at exp.libs.utils.format.JsonUtils.getStr(JsonUtils.java:68) ~[classes/:na]
	at exp.bilibli.plugin.Main.main(Main.java:40) [classes/:na]
[2017-12-13 16:45:44 595] [ERROR] [Thread-0] [WebSockClient:146] - websocket连接异常
java.net.UnknownHostException: broadcastlv.chat.bilibili.com
	at java.net.PlainSocketImpl.connect(PlainSocketImpl.java:195) ~[na:1.6.0_43]
	at java.net.Socket.connect(Socket.java:529) ~[na:1.6.0_43]
	at org.java_websocket.client.WebSocketClient.run(WebSocketClient.java:210) ~[Java-WebSocket-1.3.4.jar:na]
	at java.lang.Thread.run(Thread.java:662) [na:1.6.0_43]
[2017-12-13 16:45:58 108] [ERROR] [Thread-0] [WebSockClient:146] - websocket连接异常
java.net.UnknownHostException: broadcastlv.chat.bilibili.com
	at java.net.PlainSocketImpl.connect(PlainSocketImpl.java:195) ~[na:1.6.0_43]
	at java.net.Socket.connect(Socket.java:529) ~[na:1.6.0_43]
	at org.java_websocket.client.WebSocketClient.run(WebSocketClient.java:210) ~[Java-WebSocket-1.3.4.jar:na]
	at java.lang.Thread.run(Thread.java:662) [na:1.6.0_43]
[2017-12-13 16:46:03 112] [ERROR] [Thread-0] [WebSockClient:146] - websocket连接异常
java.net.UnknownHostException: broadcastlv.chat.bilibili.com
	at java.net.PlainSocketImpl.connect(PlainSocketImpl.java:195) ~[na:1.6.0_43]
	at java.net.Socket.connect(Socket.java:529) ~[na:1.6.0_43]
	at org.java_websocket.client.WebSocketClient.run(WebSocketClient.java:210) ~[Java-WebSocket-1.3.4.jar:na]
	at java.lang.Thread.run(Thread.java:662) [na:1.6.0_43]
[2017-12-13 16:46:24 066] [ERROR] [Thread-0] [JsonUtils:70] - 从JSON中提取 string 类型值 [real_roomid] 失败.
net.sf.json.JSONException: JSONObject["real_roomid"] not found.
	at net.sf.json.JSONObject.getString(JSONObject.java:2092) ~[json-lib-2.4-jdk15.jar:na]
	at exp.libs.utils.format.JsonUtils.getStr(JsonUtils.java:68) ~[classes/:na]
	at exp.bilibli.plugin.core.gift.WebSockClient.onMessage(WebSockClient.java:116) [classes/:na]
	at org.java_websocket.client.WebSocketClient.onWebsocketMessage(WebSocketClient.java:297) [Java-WebSocket-1.3.4.jar:na]
	at org.java_websocket.WebSocketImpl.decodeFrames(WebSocketImpl.java:423) [Java-WebSocket-1.3.4.jar:na]
	at org.java_websocket.WebSocketImpl.decode(WebSocketImpl.java:170) [Java-WebSocket-1.3.4.jar:na]
	at org.java_websocket.client.WebSocketClient.run(WebSocketClient.java:229) [Java-WebSocket-1.3.4.jar:na]
	at java.lang.Thread.run(Thread.java:662) [na:1.6.0_43]
[2017-12-13 16:46:24 067] [ERROR] [Thread-0] [JsonUtils:70] - 从JSON中提取 string 类型值 [roomid] 失败.
net.sf.json.JSONException: JSONObject["roomid"] not found.
	at net.sf.json.JSONObject.getString(JSONObject.java:2092) ~[json-lib-2.4-jdk15.jar:na]
	at exp.libs.utils.format.JsonUtils.getStr(JsonUtils.java:68) ~[classes/:na]
	at exp.bilibli.plugin.core.gift.WebSockClient.onMessage(WebSockClient.java:118) [classes/:na]
	at org.java_websocket.client.WebSocketClient.onWebsocketMessage(WebSocketClient.java:297) [Java-WebSocket-1.3.4.jar:na]
	at org.java_websocket.WebSocketImpl.decodeFrames(WebSocketImpl.java:423) [Java-WebSocket-1.3.4.jar:na]
	at org.java_websocket.WebSocketImpl.decode(WebSocketImpl.java:170) [Java-WebSocket-1.3.4.jar:na]
	at org.java_websocket.client.WebSocketClient.run(WebSocketClient.java:229) [Java-WebSocket-1.3.4.jar:na]
	at java.lang.Thread.run(Thread.java:662) [na:1.6.0_43]
[2017-12-13 16:48:51 066] [ERROR] [Thread-0] [JsonUtils:70] - 从JSON中提取 string 类型值 [real_roomid] 失败.
net.sf.json.JSONException: JSONObject["real_roomid"] not found.
	at net.sf.json.JSONObject.getString(JSONObject.java:2092) ~[json-lib-2.4-jdk15.jar:na]
	at exp.libs.utils.format.JsonUtils.getStr(JsonUtils.java:68) ~[classes/:na]
	at exp.bilibli.plugin.core.gift.WebSockClient.onMessage(WebSockClient.java:116) [classes/:na]
	at org.java_websocket.client.WebSocketClient.onWebsocketMessage(WebSocketClient.java:297) [Java-WebSocket-1.3.4.jar:na]
	at org.java_websocket.WebSocketImpl.decodeFrames(WebSocketImpl.java:423) [Java-WebSocket-1.3.4.jar:na]
	at org.java_websocket.WebSocketImpl.decode(WebSocketImpl.java:170) [Java-WebSocket-1.3.4.jar:na]
	at org.java_websocket.client.WebSocketClient.run(WebSocketClient.java:229) [Java-WebSocket-1.3.4.jar:na]
	at java.lang.Thread.run(Thread.java:662) [na:1.6.0_43]
[2017-12-13 16:48:51 067] [ERROR] [Thread-0] [JsonUtils:70] - 从JSON中提取 string 类型值 [roomid] 失败.
net.sf.json.JSONException: JSONObject["roomid"] not found.
	at net.sf.json.JSONObject.getString(JSONObject.java:2092) ~[json-lib-2.4-jdk15.jar:na]
	at exp.libs.utils.format.JsonUtils.getStr(JsonUtils.java:68) ~[classes/:na]
	at exp.bilibli.plugin.core.gift.WebSockClient.onMessage(WebSockClient.java:118) [classes/:na]
	at org.java_websocket.client.WebSocketClient.onWebsocketMessage(WebSocketClient.java:297) [Java-WebSocket-1.3.4.jar:na]
	at org.java_websocket.WebSocketImpl.decodeFrames(WebSocketImpl.java:423) [Java-WebSocket-1.3.4.jar:na]
	at org.java_websocket.WebSocketImpl.decode(WebSocketImpl.java:170) [Java-WebSocket-1.3.4.jar:na]
	at org.java_websocket.client.WebSocketClient.run(WebSocketClient.java:229) [Java-WebSocket-1.3.4.jar:na]
	at java.lang.Thread.run(Thread.java:662) [na:1.6.0_43]
[2017-12-13 16:48:51 068] [ERROR] [Thread-0] [JsonUtils:70] - 从JSON中提取 string 类型值 [msg_text] 失败.
net.sf.json.JSONException: JSONObject["msg_text"] not found.
	at net.sf.json.JSONObject.getString(JSONObject.java:2092) ~[json-lib-2.4-jdk15.jar:na]
	at exp.libs.utils.format.JsonUtils.getStr(JsonUtils.java:68) ~[classes/:na]
	at exp.bilibli.plugin.core.gift.WebSockClient.onMessage(WebSockClient.java:126) [classes/:na]
	at org.java_websocket.client.WebSocketClient.onWebsocketMessage(WebSocketClient.java:297) [Java-WebSocket-1.3.4.jar:na]
	at org.java_websocket.WebSocketImpl.decodeFrames(WebSocketImpl.java:423) [Java-WebSocket-1.3.4.jar:na]
	at org.java_websocket.WebSocketImpl.decode(WebSocketImpl.java:170) [Java-WebSocket-1.3.4.jar:na]
	at org.java_websocket.client.WebSocketClient.run(WebSocketClient.java:229) [Java-WebSocket-1.3.4.jar:na]
	at java.lang.Thread.run(Thread.java:662) [na:1.6.0_43]
[2017-12-13 16:52:35 141] [ERROR] [Thread-0] [JsonUtils:70] - 从JSON中提取 string 类型值 [real_roomid] 失败.
net.sf.json.JSONException: JSONObject["real_roomid"] not found.
	at net.sf.json.JSONObject.getString(JSONObject.java:2092) ~[json-lib-2.4-jdk15.jar:na]
	at exp.libs.utils.format.JsonUtils.getStr(JsonUtils.java:68) ~[classes/:na]
	at exp.bilibli.plugin.core.gift.WebSockClient.onMessage(WebSockClient.java:116) [classes/:na]
	at org.java_websocket.client.WebSocketClient.onWebsocketMessage(WebSocketClient.java:297) [Java-WebSocket-1.3.4.jar:na]
	at org.java_websocket.WebSocketImpl.decodeFrames(WebSocketImpl.java:423) [Java-WebSocket-1.3.4.jar:na]
	at org.java_websocket.WebSocketImpl.decode(WebSocketImpl.java:170) [Java-WebSocket-1.3.4.jar:na]
	at org.java_websocket.client.WebSocketClient.run(WebSocketClient.java:229) [Java-WebSocket-1.3.4.jar:na]
	at java.lang.Thread.run(Thread.java:662) [na:1.6.0_43]
[2017-12-13 16:52:35 142] [ERROR] [Thread-0] [JsonUtils:70] - 从JSON中提取 string 类型值 [roomid] 失败.
net.sf.json.JSONException: JSONObject["roomid"] not found.
	at net.sf.json.JSONObject.getString(JSONObject.java:2092) ~[json-lib-2.4-jdk15.jar:na]
	at exp.libs.utils.format.JsonUtils.getStr(JsonUtils.java:68) ~[classes/:na]
	at exp.bilibli.plugin.core.gift.WebSockClient.onMessage(WebSockClient.java:118) [classes/:na]
	at org.java_websocket.client.WebSocketClient.onWebsocketMessage(WebSocketClient.java:297) [Java-WebSocket-1.3.4.jar:na]
	at org.java_websocket.WebSocketImpl.decodeFrames(WebSocketImpl.java:423) [Java-WebSocket-1.3.4.jar:na]
	at org.java_websocket.WebSocketImpl.decode(WebSocketImpl.java:170) [Java-WebSocket-1.3.4.jar:na]
	at org.java_websocket.client.WebSocketClient.run(WebSocketClient.java:229) [Java-WebSocket-1.3.4.jar:na]
	at java.lang.Thread.run(Thread.java:662) [na:1.6.0_43]
[2017-12-13 16:52:35 142] [ERROR] [Thread-0] [JsonUtils:70] - 从JSON中提取 string 类型值 [msg_text] 失败.
net.sf.json.JSONException: JSONObject["msg_text"] not found.
	at net.sf.json.JSONObject.getString(JSONObject.java:2092) ~[json-lib-2.4-jdk15.jar:na]
	at exp.libs.utils.format.JsonUtils.getStr(JsonUtils.java:68) ~[classes/:na]
	at exp.bilibli.plugin.core.gift.WebSockClient.onMessage(WebSockClient.java:126) [classes/:na]
	at org.java_websocket.client.WebSocketClient.onWebsocketMessage(WebSocketClient.java:297) [Java-WebSocket-1.3.4.jar:na]
	at org.java_websocket.WebSocketImpl.decodeFrames(WebSocketImpl.java:423) [Java-WebSocket-1.3.4.jar:na]
	at org.java_websocket.WebSocketImpl.decode(WebSocketImpl.java:170) [Java-WebSocket-1.3.4.jar:na]
	at org.java_websocket.client.WebSocketClient.run(WebSocketClient.java:229) [Java-WebSocket-1.3.4.jar:na]
	at java.lang.Thread.run(Thread.java:662) [na:1.6.0_43]
[2017-12-13 16:52:44 775] [ERROR] [Thread-0] [JsonUtils:70] - 从JSON中提取 string 类型值 [real_roomid] 失败.
net.sf.json.JSONException: JSONObject["real_roomid"] not found.
	at net.sf.json.JSONObject.getString(JSONObject.java:2092) ~[json-lib-2.4-jdk15.jar:na]
	at exp.libs.utils.format.JsonUtils.getStr(JsonUtils.java:68) ~[classes/:na]
	at exp.bilibli.plugin.core.gift.WebSockClient.onMessage(WebSockClient.java:116) [classes/:na]
	at org.java_websocket.client.WebSocketClient.onWebsocketMessage(WebSocketClient.java:297) [Java-WebSocket-1.3.4.jar:na]
	at org.java_websocket.WebSocketImpl.decodeFrames(WebSocketImpl.java:423) [Java-WebSocket-1.3.4.jar:na]
	at org.java_websocket.WebSocketImpl.decode(WebSocketImpl.java:170) [Java-WebSocket-1.3.4.jar:na]
	at org.java_websocket.client.WebSocketClient.run(WebSocketClient.java:229) [Java-WebSocket-1.3.4.jar:na]
	at java.lang.Thread.run(Thread.java:662) [na:1.6.0_43]
[2017-12-13 16:52:44 775] [ERROR] [Thread-0] [JsonUtils:70] - 从JSON中提取 string 类型值 [roomid] 失败.
net.sf.json.JSONException: JSONObject["roomid"] not found.
	at net.sf.json.JSONObject.getString(JSONObject.java:2092) ~[json-lib-2.4-jdk15.jar:na]
	at exp.libs.utils.format.JsonUtils.getStr(JsonUtils.java:68) ~[classes/:na]
	at exp.bilibli.plugin.core.gift.WebSockClient.onMessage(WebSockClient.java:118) [classes/:na]
	at org.java_websocket.client.WebSocketClient.onWebsocketMessage(WebSocketClient.java:297) [Java-WebSocket-1.3.4.jar:na]
	at org.java_websocket.WebSocketImpl.decodeFrames(WebSocketImpl.java:423) [Java-WebSocket-1.3.4.jar:na]
	at org.java_websocket.WebSocketImpl.decode(WebSocketImpl.java:170) [Java-WebSocket-1.3.4.jar:na]
	at org.java_websocket.client.WebSocketClient.run(WebSocketClient.java:229) [Java-WebSocket-1.3.4.jar:na]
	at java.lang.Thread.run(Thread.java:662) [na:1.6.0_43]
[2017-12-13 16:52:44 776] [ERROR] [Thread-0] [JsonUtils:70] - 从JSON中提取 string 类型值 [msg_text] 失败.
net.sf.json.JSONException: JSONObject["msg_text"] not found.
	at net.sf.json.JSONObject.getString(JSONObject.java:2092) ~[json-lib-2.4-jdk15.jar:na]
	at exp.libs.utils.format.JsonUtils.getStr(JsonUtils.java:68) ~[classes/:na]
	at exp.bilibli.plugin.core.gift.WebSockClient.onMessage(WebSockClient.java:126) [classes/:na]
	at org.java_websocket.client.WebSocketClient.onWebsocketMessage(WebSocketClient.java:297) [Java-WebSocket-1.3.4.jar:na]
	at org.java_websocket.WebSocketImpl.decodeFrames(WebSocketImpl.java:423) [Java-WebSocket-1.3.4.jar:na]
	at org.java_websocket.WebSocketImpl.decode(WebSocketImpl.java:170) [Java-WebSocket-1.3.4.jar:na]
	at org.java_websocket.client.WebSocketClient.run(WebSocketClient.java:229) [Java-WebSocket-1.3.4.jar:na]
	at java.lang.Thread.run(Thread.java:662) [na:1.6.0_43]
[2017-12-13 16:52:46 152] [ERROR] [Thread-0] [JsonUtils:70] - 从JSON中提取 string 类型值 [real_roomid] 失败.
net.sf.json.JSONException: JSONObject["real_roomid"] not found.
	at net.sf.json.JSONObject.getString(JSONObject.java:2092) ~[json-lib-2.4-jdk15.jar:na]
	at exp.libs.utils.format.JsonUtils.getStr(JsonUtils.java:68) ~[classes/:na]
	at exp.bilibli.plugin.core.gift.WebSockClient.onMessage(WebSockClient.java:116) [classes/:na]
	at org.java_websocket.client.WebSocketClient.onWebsocketMessage(WebSocketClient.java:297) [Java-WebSocket-1.3.4.jar:na]
	at org.java_websocket.WebSocketImpl.decodeFrames(WebSocketImpl.java:423) [Java-WebSocket-1.3.4.jar:na]
	at org.java_websocket.WebSocketImpl.decode(WebSocketImpl.java:170) [Java-WebSocket-1.3.4.jar:na]
	at org.java_websocket.client.WebSocketClient.run(WebSocketClient.java:229) [Java-WebSocket-1.3.4.jar:na]
	at java.lang.Thread.run(Thread.java:662) [na:1.6.0_43]
[2017-12-13 16:52:46 153] [ERROR] [Thread-0] [JsonUtils:70] - 从JSON中提取 string 类型值 [roomid] 失败.
net.sf.json.JSONException: JSONObject["roomid"] not found.
	at net.sf.json.JSONObject.getString(JSONObject.java:2092) ~[json-lib-2.4-jdk15.jar:na]
	at exp.libs.utils.format.JsonUtils.getStr(JsonUtils.java:68) ~[classes/:na]
	at exp.bilibli.plugin.core.gift.WebSockClient.onMessage(WebSockClient.java:118) [classes/:na]
	at org.java_websocket.client.WebSocketClient.onWebsocketMessage(WebSocketClient.java:297) [Java-WebSocket-1.3.4.jar:na]
	at org.java_websocket.WebSocketImpl.decodeFrames(WebSocketImpl.java:423) [Java-WebSocket-1.3.4.jar:na]
	at org.java_websocket.WebSocketImpl.decode(WebSocketImpl.java:170) [Java-WebSocket-1.3.4.jar:na]
	at org.java_websocket.client.WebSocketClient.run(WebSocketClient.java:229) [Java-WebSocket-1.3.4.jar:na]
	at java.lang.Thread.run(Thread.java:662) [na:1.6.0_43]
[2017-12-13 16:52:46 154] [ERROR] [Thread-0] [JsonUtils:70] - 从JSON中提取 string 类型值 [msg_text] 失败.
net.sf.json.JSONException: JSONObject["msg_text"] not found.
	at net.sf.json.JSONObject.getString(JSONObject.java:2092) ~[json-lib-2.4-jdk15.jar:na]
	at exp.libs.utils.format.JsonUtils.getStr(JsonUtils.java:68) ~[classes/:na]
	at exp.bilibli.plugin.core.gift.WebSockClient.onMessage(WebSockClient.java:126) [classes/:na]
	at org.java_websocket.client.WebSocketClient.onWebsocketMessage(WebSocketClient.java:297) [Java-WebSocket-1.3.4.jar:na]
	at org.java_websocket.WebSocketImpl.decodeFrames(WebSocketImpl.java:423) [Java-WebSocket-1.3.4.jar:na]
	at org.java_websocket.WebSocketImpl.decode(WebSocketImpl.java:170) [Java-WebSocket-1.3.4.jar:na]
	at org.java_websocket.client.WebSocketClient.run(WebSocketClient.java:229) [Java-WebSocket-1.3.4.jar:na]
	at java.lang.Thread.run(Thread.java:662) [na:1.6.0_43]
[2017-12-13 16:52:48 278] [ERROR] [Thread-0] [JsonUtils:70] - 从JSON中提取 string 类型值 [real_roomid] 失败.
net.sf.json.JSONException: JSONObject["real_roomid"] not found.
	at net.sf.json.JSONObject.getString(JSONObject.java:2092) ~[json-lib-2.4-jdk15.jar:na]
	at exp.libs.utils.format.JsonUtils.getStr(JsonUtils.java:68) ~[classes/:na]
	at exp.bilibli.plugin.core.gift.WebSockClient.onMessage(WebSockClient.java:116) [classes/:na]
	at org.java_websocket.client.WebSocketClient.onWebsocketMessage(WebSocketClient.java:297) [Java-WebSocket-1.3.4.jar:na]
	at org.java_websocket.WebSocketImpl.decodeFrames(WebSocketImpl.java:423) [Java-WebSocket-1.3.4.jar:na]
	at org.java_websocket.WebSocketImpl.decode(WebSocketImpl.java:170) [Java-WebSocket-1.3.4.jar:na]
	at org.java_websocket.client.WebSocketClient.run(WebSocketClient.java:229) [Java-WebSocket-1.3.4.jar:na]
	at java.lang.Thread.run(Thread.java:662) [na:1.6.0_43]
[2017-12-13 16:52:48 278] [ERROR] [Thread-0] [JsonUtils:70] - 从JSON中提取 string 类型值 [roomid] 失败.
net.sf.json.JSONException: JSONObject["roomid"] not found.
	at net.sf.json.JSONObject.getString(JSONObject.java:2092) ~[json-lib-2.4-jdk15.jar:na]
	at exp.libs.utils.format.JsonUtils.getStr(JsonUtils.java:68) ~[classes/:na]
	at exp.bilibli.plugin.core.gift.WebSockClient.onMessage(WebSockClient.java:118) [classes/:na]
	at org.java_websocket.client.WebSocketClient.onWebsocketMessage(WebSocketClient.java:297) [Java-WebSocket-1.3.4.jar:na]
	at org.java_websocket.WebSocketImpl.decodeFrames(WebSocketImpl.java:423) [Java-WebSocket-1.3.4.jar:na]
	at org.java_websocket.WebSocketImpl.decode(WebSocketImpl.java:170) [Java-WebSocket-1.3.4.jar:na]
	at org.java_websocket.client.WebSocketClient.run(WebSocketClient.java:229) [Java-WebSocket-1.3.4.jar:na]
	at java.lang.Thread.run(Thread.java:662) [na:1.6.0_43]
[2017-12-13 16:52:48 279] [ERROR] [Thread-0] [JsonUtils:70] - 从JSON中提取 string 类型值 [msg_text] 失败.
net.sf.json.JSONException: JSONObject["msg_text"] not found.
	at net.sf.json.JSONObject.getString(JSONObject.java:2092) ~[json-lib-2.4-jdk15.jar:na]
	at exp.libs.utils.format.JsonUtils.getStr(JsonUtils.java:68) ~[classes/:na]
	at exp.bilibli.plugin.core.gift.WebSockClient.onMessage(WebSockClient.java:126) [classes/:na]
	at org.java_websocket.client.WebSocketClient.onWebsocketMessage(WebSocketClient.java:297) [Java-WebSocket-1.3.4.jar:na]
	at org.java_websocket.WebSocketImpl.decodeFrames(WebSocketImpl.java:423) [Java-WebSocket-1.3.4.jar:na]
	at org.java_websocket.WebSocketImpl.decode(WebSocketImpl.java:170) [Java-WebSocket-1.3.4.jar:na]
	at org.java_websocket.client.WebSocketClient.run(WebSocketClient.java:229) [Java-WebSocket-1.3.4.jar:na]
	at java.lang.Thread.run(Thread.java:662) [na:1.6.0_43]
[2017-12-13 16:52:51 379] [ERROR] [Thread-0] [JsonUtils:70] - 从JSON中提取 string 类型值 [real_roomid] 失败.
net.sf.json.JSONException: JSONObject["real_roomid"] not found.
	at net.sf.json.JSONObject.getString(JSONObject.java:2092) ~[json-lib-2.4-jdk15.jar:na]
	at exp.libs.utils.format.JsonUtils.getStr(JsonUtils.java:68) ~[classes/:na]
	at exp.bilibli.plugin.core.gift.WebSockClient.onMessage(WebSockClient.java:116) [classes/:na]
	at org.java_websocket.client.WebSocketClient.onWebsocketMessage(WebSocketClient.java:297) [Java-WebSocket-1.3.4.jar:na]
	at org.java_websocket.WebSocketImpl.decodeFrames(WebSocketImpl.java:423) [Java-WebSocket-1.3.4.jar:na]
	at org.java_websocket.WebSocketImpl.decode(WebSocketImpl.java:170) [Java-WebSocket-1.3.4.jar:na]
	at org.java_websocket.client.WebSocketClient.run(WebSocketClient.java:229) [Java-WebSocket-1.3.4.jar:na]
	at java.lang.Thread.run(Thread.java:662) [na:1.6.0_43]
[2017-12-13 16:52:51 380] [ERROR] [Thread-0] [JsonUtils:70] - 从JSON中提取 string 类型值 [roomid] 失败.
net.sf.json.JSONException: JSONObject["roomid"] not found.
	at net.sf.json.JSONObject.getString(JSONObject.java:2092) ~[json-lib-2.4-jdk15.jar:na]
	at exp.libs.utils.format.JsonUtils.getStr(JsonUtils.java:68) ~[classes/:na]
	at exp.bilibli.plugin.core.gift.WebSockClient.onMessage(WebSockClient.java:118) [classes/:na]
	at org.java_websocket.client.WebSocketClient.onWebsocketMessage(WebSocketClient.java:297) [Java-WebSocket-1.3.4.jar:na]
	at org.java_websocket.WebSocketImpl.decodeFrames(WebSocketImpl.java:423) [Java-WebSocket-1.3.4.jar:na]
	at org.java_websocket.WebSocketImpl.decode(WebSocketImpl.java:170) [Java-WebSocket-1.3.4.jar:na]
	at org.java_websocket.client.WebSocketClient.run(WebSocketClient.java:229) [Java-WebSocket-1.3.4.jar:na]
	at java.lang.Thread.run(Thread.java:662) [na:1.6.0_43]
[2017-12-13 16:52:51 380] [ERROR] [Thread-0] [JsonUtils:70] - 从JSON中提取 string 类型值 [msg_text] 失败.
net.sf.json.JSONException: JSONObject["msg_text"] not found.
	at net.sf.json.JSONObject.getString(JSONObject.java:2092) ~[json-lib-2.4-jdk15.jar:na]
	at exp.libs.utils.format.JsonUtils.getStr(JsonUtils.java:68) ~[classes/:na]
	at exp.bilibli.plugin.core.gift.WebSockClient.onMessage(WebSockClient.java:126) [classes/:na]
	at org.java_websocket.client.WebSocketClient.onWebsocketMessage(WebSocketClient.java:297) [Java-WebSocket-1.3.4.jar:na]
	at org.java_websocket.WebSocketImpl.decodeFrames(WebSocketImpl.java:423) [Java-WebSocket-1.3.4.jar:na]
	at org.java_websocket.WebSocketImpl.decode(WebSocketImpl.java:170) [Java-WebSocket-1.3.4.jar:na]
	at org.java_websocket.client.WebSocketClient.run(WebSocketClient.java:229) [Java-WebSocket-1.3.4.jar:na]
	at java.lang.Thread.run(Thread.java:662) [na:1.6.0_43]
[2017-12-13 16:52:53 540] [ERROR] [Thread-0] [JsonUtils:70] - 从JSON中提取 string 类型值 [real_roomid] 失败.
net.sf.json.JSONException: JSONObject["real_roomid"] not found.
	at net.sf.json.JSONObject.getString(JSONObject.java:2092) ~[json-lib-2.4-jdk15.jar:na]
	at exp.libs.utils.format.JsonUtils.getStr(JsonUtils.java:68) ~[classes/:na]
	at exp.bilibli.plugin.core.gift.WebSockClient.onMessage(WebSockClient.java:116) [classes/:na]
	at org.java_websocket.client.WebSocketClient.onWebsocketMessage(WebSocketClient.java:297) [Java-WebSocket-1.3.4.jar:na]
	at org.java_websocket.WebSocketImpl.decodeFrames(WebSocketImpl.java:423) [Java-WebSocket-1.3.4.jar:na]
	at org.java_websocket.WebSocketImpl.decode(WebSocketImpl.java:170) [Java-WebSocket-1.3.4.jar:na]
	at org.java_websocket.client.WebSocketClient.run(WebSocketClient.java:229) [Java-WebSocket-1.3.4.jar:na]
	at java.lang.Thread.run(Thread.java:662) [na:1.6.0_43]
[2017-12-13 16:52:53 540] [ERROR] [Thread-0] [JsonUtils:70] - 从JSON中提取 string 类型值 [roomid] 失败.
net.sf.json.JSONException: JSONObject["roomid"] not found.
	at net.sf.json.JSONObject.getString(JSONObject.java:2092) ~[json-lib-2.4-jdk15.jar:na]
	at exp.libs.utils.format.JsonUtils.getStr(JsonUtils.java:68) ~[classes/:na]
	at exp.bilibli.plugin.core.gift.WebSockClient.onMessage(WebSockClient.java:118) [classes/:na]
	at org.java_websocket.client.WebSocketClient.onWebsocketMessage(WebSocketClient.java:297) [Java-WebSocket-1.3.4.jar:na]
	at org.java_websocket.WebSocketImpl.decodeFrames(WebSocketImpl.java:423) [Java-WebSocket-1.3.4.jar:na]
	at org.java_websocket.WebSocketImpl.decode(WebSocketImpl.java:170) [Java-WebSocket-1.3.4.jar:na]
	at org.java_websocket.client.WebSocketClient.run(WebSocketClient.java:229) [Java-WebSocket-1.3.4.jar:na]
	at java.lang.Thread.run(Thread.java:662) [na:1.6.0_43]
[2017-12-13 16:52:53 541] [ERROR] [Thread-0] [JsonUtils:70] - 从JSON中提取 string 类型值 [msg_text] 失败.
net.sf.json.JSONException: JSONObject["msg_text"] not found.
	at net.sf.json.JSONObject.getString(JSONObject.java:2092) ~[json-lib-2.4-jdk15.jar:na]
	at exp.libs.utils.format.JsonUtils.getStr(JsonUtils.java:68) ~[classes/:na]
	at exp.bilibli.plugin.core.gift.WebSockClient.onMessage(WebSockClient.java:126) [classes/:na]
	at org.java_websocket.client.WebSocketClient.onWebsocketMessage(WebSocketClient.java:297) [Java-WebSocket-1.3.4.jar:na]
	at org.java_websocket.WebSocketImpl.decodeFrames(WebSocketImpl.java:423) [Java-WebSocket-1.3.4.jar:na]
	at org.java_websocket.WebSocketImpl.decode(WebSocketImpl.java:170) [Java-WebSocket-1.3.4.jar:na]
	at org.java_websocket.client.WebSocketClient.run(WebSocketClient.java:229) [Java-WebSocket-1.3.4.jar:na]
	at java.lang.Thread.run(Thread.java:662) [na:1.6.0_43]
[2017-12-13 16:52:56 329] [ERROR] [Thread-0] [JsonUtils:70] - 从JSON中提取 string 类型值 [real_roomid] 失败.
net.sf.json.JSONException: JSONObject["real_roomid"] not found.
	at net.sf.json.JSONObject.getString(JSONObject.java:2092) ~[json-lib-2.4-jdk15.jar:na]
	at exp.libs.utils.format.JsonUtils.getStr(JsonUtils.java:68) ~[classes/:na]
	at exp.bilibli.plugin.core.gift.WebSockClient.onMessage(WebSockClient.java:116) [classes/:na]
	at org.java_websocket.client.WebSocketClient.onWebsocketMessage(WebSocketClient.java:297) [Java-WebSocket-1.3.4.jar:na]
	at org.java_websocket.WebSocketImpl.decodeFrames(WebSocketImpl.java:423) [Java-WebSocket-1.3.4.jar:na]
	at org.java_websocket.WebSocketImpl.decode(WebSocketImpl.java:170) [Java-WebSocket-1.3.4.jar:na]
	at org.java_websocket.client.WebSocketClient.run(WebSocketClient.java:229) [Java-WebSocket-1.3.4.jar:na]
	at java.lang.Thread.run(Thread.java:662) [na:1.6.0_43]
[2017-12-13 16:52:56 330] [ERROR] [Thread-0] [JsonUtils:70] - 从JSON中提取 string 类型值 [roomid] 失败.
net.sf.json.JSONException: JSONObject["roomid"] not found.
	at net.sf.json.JSONObject.getString(JSONObject.java:2092) ~[json-lib-2.4-jdk15.jar:na]
	at exp.libs.utils.format.JsonUtils.getStr(JsonUtils.java:68) ~[classes/:na]
	at exp.bilibli.plugin.core.gift.WebSockClient.onMessage(WebSockClient.java:118) [classes/:na]
	at org.java_websocket.client.WebSocketClient.onWebsocketMessage(WebSocketClient.java:297) [Java-WebSocket-1.3.4.jar:na]
	at org.java_websocket.WebSocketImpl.decodeFrames(WebSocketImpl.java:423) [Java-WebSocket-1.3.4.jar:na]
	at org.java_websocket.WebSocketImpl.decode(WebSocketImpl.java:170) [Java-WebSocket-1.3.4.jar:na]
	at org.java_websocket.client.WebSocketClient.run(WebSocketClient.java:229) [Java-WebSocket-1.3.4.jar:na]
	at java.lang.Thread.run(Thread.java:662) [na:1.6.0_43]
[2017-12-13 16:52:56 331] [ERROR] [Thread-0] [JsonUtils:70] - 从JSON中提取 string 类型值 [msg_text] 失败.
net.sf.json.JSONException: JSONObject["msg_text"] not found.
	at net.sf.json.JSONObject.getString(JSONObject.java:2092) ~[json-lib-2.4-jdk15.jar:na]
	at exp.libs.utils.format.JsonUtils.getStr(JsonUtils.java:68) ~[classes/:na]
	at exp.bilibli.plugin.core.gift.WebSockClient.onMessage(WebSockClient.java:126) [classes/:na]
	at org.java_websocket.client.WebSocketClient.onWebsocketMessage(WebSocketClient.java:297) [Java-WebSocket-1.3.4.jar:na]
	at org.java_websocket.WebSocketImpl.decodeFrames(WebSocketImpl.java:423) [Java-WebSocket-1.3.4.jar:na]
	at org.java_websocket.WebSocketImpl.decode(WebSocketImpl.java:170) [Java-WebSocket-1.3.4.jar:na]
	at org.java_websocket.client.WebSocketClient.run(WebSocketClient.java:229) [Java-WebSocket-1.3.4.jar:na]
	at java.lang.Thread.run(Thread.java:662) [na:1.6.0_43]
[2017-12-13 16:52:57 494] [ERROR] [Thread-0] [JsonUtils:70] - 从JSON中提取 string 类型值 [real_roomid] 失败.
net.sf.json.JSONException: JSONObject["real_roomid"] not found.
	at net.sf.json.JSONObject.getString(JSONObject.java:2092) ~[json-lib-2.4-jdk15.jar:na]
	at exp.libs.utils.format.JsonUtils.getStr(JsonUtils.java:68) ~[classes/:na]
	at exp.bilibli.plugin.core.gift.WebSockClient.onMessage(WebSockClient.java:116) [classes/:na]
	at org.java_websocket.client.WebSocketClient.onWebsocketMessage(WebSocketClient.java:297) [Java-WebSocket-1.3.4.jar:na]
	at org.java_websocket.WebSocketImpl.decodeFrames(WebSocketImpl.java:423) [Java-WebSocket-1.3.4.jar:na]
	at org.java_websocket.WebSocketImpl.decode(WebSocketImpl.java:170) [Java-WebSocket-1.3.4.jar:na]
	at org.java_websocket.client.WebSocketClient.run(WebSocketClient.java:229) [Java-WebSocket-1.3.4.jar:na]
	at java.lang.Thread.run(Thread.java:662) [na:1.6.0_43]
[2017-12-13 16:52:57 494] [ERROR] [Thread-0] [JsonUtils:70] - 从JSON中提取 string 类型值 [roomid] 失败.
net.sf.json.JSONException: JSONObject["roomid"] not found.
	at net.sf.json.JSONObject.getString(JSONObject.java:2092) ~[json-lib-2.4-jdk15.jar:na]
	at exp.libs.utils.format.JsonUtils.getStr(JsonUtils.java:68) ~[classes/:na]
	at exp.bilibli.plugin.core.gift.WebSockClient.onMessage(WebSockClient.java:118) [classes/:na]
	at org.java_websocket.client.WebSocketClient.onWebsocketMessage(WebSocketClient.java:297) [Java-WebSocket-1.3.4.jar:na]
	at org.java_websocket.WebSocketImpl.decodeFrames(WebSocketImpl.java:423) [Java-WebSocket-1.3.4.jar:na]
	at org.java_websocket.WebSocketImpl.decode(WebSocketImpl.java:170) [Java-WebSocket-1.3.4.jar:na]
	at org.java_websocket.client.WebSocketClient.run(WebSocketClient.java:229) [Java-WebSocket-1.3.4.jar:na]
	at java.lang.Thread.run(Thread.java:662) [na:1.6.0_43]
[2017-12-13 16:52:57 495] [ERROR] [Thread-0] [JsonUtils:70] - 从JSON中提取 string 类型值 [msg_text] 失败.
net.sf.json.JSONException: JSONObject["msg_text"] not found.
	at net.sf.json.JSONObject.getString(JSONObject.java:2092) ~[json-lib-2.4-jdk15.jar:na]
	at exp.libs.utils.format.JsonUtils.getStr(JsonUtils.java:68) ~[classes/:na]
	at exp.bilibli.plugin.core.gift.WebSockClient.onMessage(WebSockClient.java:126) [classes/:na]
	at org.java_websocket.client.WebSocketClient.onWebsocketMessage(WebSocketClient.java:297) [Java-WebSocket-1.3.4.jar:na]
	at org.java_websocket.WebSocketImpl.decodeFrames(WebSocketImpl.java:423) [Java-WebSocket-1.3.4.jar:na]
	at org.java_websocket.WebSocketImpl.decode(WebSocketImpl.java:170) [Java-WebSocket-1.3.4.jar:na]
	at org.java_websocket.client.WebSocketClient.run(WebSocketClient.java:229) [Java-WebSocket-1.3.4.jar:na]
	at java.lang.Thread.run(Thread.java:662) [na:1.6.0_43]
[2017-12-13 16:53:32 049] [ERROR] [Thread-0] [JsonUtils:70] - 从JSON中提取 string 类型值 [real_roomid] 失败.
net.sf.json.JSONException: JSONObject["real_roomid"] not found.
	at net.sf.json.JSONObject.getString(JSONObject.java:2092) ~[json-lib-2.4-jdk15.jar:na]
	at exp.libs.utils.format.JsonUtils.getStr(JsonUtils.java:68) ~[classes/:na]
	at exp.bilibli.plugin.core.gift.WebSockClient.onMessage(WebSockClient.java:116) [classes/:na]
	at org.java_websocket.client.WebSocketClient.onWebsocketMessage(WebSocketClient.java:297) [Java-WebSocket-1.3.4.jar:na]
	at org.java_websocket.WebSocketImpl.decodeFrames(WebSocketImpl.java:423) [Java-WebSocket-1.3.4.jar:na]
	at org.java_websocket.WebSocketImpl.decode(WebSocketImpl.java:170) [Java-WebSocket-1.3.4.jar:na]
	at org.java_websocket.client.WebSocketClient.run(WebSocketClient.java:229) [Java-WebSocket-1.3.4.jar:na]
	at java.lang.Thread.run(Thread.java:662) [na:1.6.0_43]
[2017-12-13 16:53:32 050] [ERROR] [Thread-0] [JsonUtils:70] - 从JSON中提取 string 类型值 [roomid] 失败.
net.sf.json.JSONException: JSONObject["roomid"] not found.
	at net.sf.json.JSONObject.getString(JSONObject.java:2092) ~[json-lib-2.4-jdk15.jar:na]
	at exp.libs.utils.format.JsonUtils.getStr(JsonUtils.java:68) ~[classes/:na]
	at exp.bilibli.plugin.core.gift.WebSockClient.onMessage(WebSockClient.java:118) [classes/:na]
	at org.java_websocket.client.WebSocketClient.onWebsocketMessage(WebSocketClient.java:297) [Java-WebSocket-1.3.4.jar:na]
	at org.java_websocket.WebSocketImpl.decodeFrames(WebSocketImpl.java:423) [Java-WebSocket-1.3.4.jar:na]
	at org.java_websocket.WebSocketImpl.decode(WebSocketImpl.java:170) [Java-WebSocket-1.3.4.jar:na]
	at org.java_websocket.client.WebSocketClient.run(WebSocketClient.java:229) [Java-WebSocket-1.3.4.jar:na]
	at java.lang.Thread.run(Thread.java:662) [na:1.6.0_43]
[2017-12-13 16:53:32 050] [ERROR] [Thread-0] [JsonUtils:70] - 从JSON中提取 string 类型值 [msg_text] 失败.
net.sf.json.JSONException: JSONObject["msg_text"] not found.
	at net.sf.json.JSONObject.getString(JSONObject.java:2092) ~[json-lib-2.4-jdk15.jar:na]
	at exp.libs.utils.format.JsonUtils.getStr(JsonUtils.java:68) ~[classes/:na]
	at exp.bilibli.plugin.core.gift.WebSockClient.onMessage(WebSockClient.java:126) [classes/:na]
	at org.java_websocket.client.WebSocketClient.onWebsocketMessage(WebSocketClient.java:297) [Java-WebSocket-1.3.4.jar:na]
	at org.java_websocket.WebSocketImpl.decodeFrames(WebSocketImpl.java:423) [Java-WebSocket-1.3.4.jar:na]
	at org.java_websocket.WebSocketImpl.decode(WebSocketImpl.java:170) [Java-WebSocket-1.3.4.jar:na]
	at org.java_websocket.client.WebSocketClient.run(WebSocketClient.java:229) [Java-WebSocket-1.3.4.jar:na]
	at java.lang.Thread.run(Thread.java:662) [na:1.6.0_43]
[2017-12-13 16:53:33 418] [ERROR] [Thread-0] [JsonUtils:70] - 从JSON中提取 string 类型值 [real_roomid] 失败.
net.sf.json.JSONException: JSONObject["real_roomid"] not found.
	at net.sf.json.JSONObject.getString(JSONObject.java:2092) ~[json-lib-2.4-jdk15.jar:na]
	at exp.libs.utils.format.JsonUtils.getStr(JsonUtils.java:68) ~[classes/:na]
	at exp.bilibli.plugin.core.gift.WebSockClient.onMessage(WebSockClient.java:116) [classes/:na]
	at org.java_websocket.client.WebSocketClient.onWebsocketMessage(WebSocketClient.java:297) [Java-WebSocket-1.3.4.jar:na]
	at org.java_websocket.WebSocketImpl.decodeFrames(WebSocketImpl.java:423) [Java-WebSocket-1.3.4.jar:na]
	at org.java_websocket.WebSocketImpl.decode(WebSocketImpl.java:170) [Java-WebSocket-1.3.4.jar:na]
	at org.java_websocket.client.WebSocketClient.run(WebSocketClient.java:229) [Java-WebSocket-1.3.4.jar:na]
	at java.lang.Thread.run(Thread.java:662) [na:1.6.0_43]
[2017-12-13 16:53:33 420] [ERROR] [Thread-0] [JsonUtils:70] - 从JSON中提取 string 类型值 [roomid] 失败.
net.sf.json.JSONException: JSONObject["roomid"] not found.
	at net.sf.json.JSONObject.getString(JSONObject.java:2092) ~[json-lib-2.4-jdk15.jar:na]
	at exp.libs.utils.format.JsonUtils.getStr(JsonUtils.java:68) ~[classes/:na]
	at exp.bilibli.plugin.core.gift.WebSockClient.onMessage(WebSockClient.java:118) [classes/:na]
	at org.java_websocket.client.WebSocketClient.onWebsocketMessage(WebSocketClient.java:297) [Java-WebSocket-1.3.4.jar:na]
	at org.java_websocket.WebSocketImpl.decodeFrames(WebSocketImpl.java:423) [Java-WebSocket-1.3.4.jar:na]
	at org.java_websocket.WebSocketImpl.decode(WebSocketImpl.java:170) [Java-WebSocket-1.3.4.jar:na]
	at org.java_websocket.client.WebSocketClient.run(WebSocketClient.java:229) [Java-WebSocket-1.3.4.jar:na]
	at java.lang.Thread.run(Thread.java:662) [na:1.6.0_43]
[2017-12-13 16:53:33 421] [ERROR] [Thread-0] [JsonUtils:70] - 从JSON中提取 string 类型值 [msg_text] 失败.
net.sf.json.JSONException: JSONObject["msg_text"] not found.
	at net.sf.json.JSONObject.getString(JSONObject.java:2092) ~[json-lib-2.4-jdk15.jar:na]
	at exp.libs.utils.format.JsonUtils.getStr(JsonUtils.java:68) ~[classes/:na]
	at exp.bilibli.plugin.core.gift.WebSockClient.onMessage(WebSockClient.java:126) [classes/:na]
	at org.java_websocket.client.WebSocketClient.onWebsocketMessage(WebSocketClient.java:297) [Java-WebSocket-1.3.4.jar:na]
	at org.java_websocket.WebSocketImpl.decodeFrames(WebSocketImpl.java:423) [Java-WebSocket-1.3.4.jar:na]
	at org.java_websocket.WebSocketImpl.decode(WebSocketImpl.java:170) [Java-WebSocket-1.3.4.jar:na]
	at org.java_websocket.client.WebSocketClient.run(WebSocketClient.java:229) [Java-WebSocket-1.3.4.jar:na]
	at java.lang.Thread.run(Thread.java:662) [na:1.6.0_43]
[2017-12-13 16:59:59 606] [ERROR] [Thread-0] [JsonUtils:70] - 从JSON中提取 string 类型值 [real_roomid] 失败.
net.sf.json.JSONException: JSONObject["real_roomid"] not found.
	at net.sf.json.JSONObject.getString(JSONObject.java:2092) ~[json-lib-2.4-jdk15.jar:na]
	at exp.libs.utils.format.JsonUtils.getStr(JsonUtils.java:68) ~[classes/:na]
	at exp.bilibli.plugin.core.gift.WebSockClient.onMessage(WebSockClient.java:116) [classes/:na]
	at org.java_websocket.client.WebSocketClient.onWebsocketMessage(WebSocketClient.java:297) [Java-WebSocket-1.3.4.jar:na]
	at org.java_websocket.WebSocketImpl.decodeFrames(WebSocketImpl.java:423) [Java-WebSocket-1.3.4.jar:na]
	at org.java_websocket.WebSocketImpl.decode(WebSocketImpl.java:170) [Java-WebSocket-1.3.4.jar:na]
	at org.java_websocket.client.WebSocketClient.run(WebSocketClient.java:229) [Java-WebSocket-1.3.4.jar:na]
	at java.lang.Thread.run(Thread.java:662) [na:1.6.0_43]
[2017-12-13 16:59:59 609] [ERROR] [Thread-0] [JsonUtils:70] - 从JSON中提取 string 类型值 [roomid] 失败.
net.sf.json.JSONException: JSONObject["roomid"] not found.
	at net.sf.json.JSONObject.getString(JSONObject.java:2092) ~[json-lib-2.4-jdk15.jar:na]
	at exp.libs.utils.format.JsonUtils.getStr(JsonUtils.java:68) ~[classes/:na]
	at exp.bilibli.plugin.core.gift.WebSockClient.onMessage(WebSockClient.java:118) [classes/:na]
	at org.java_websocket.client.WebSocketClient.onWebsocketMessage(WebSocketClient.java:297) [Java-WebSocket-1.3.4.jar:na]
	at org.java_websocket.WebSocketImpl.decodeFrames(WebSocketImpl.java:423) [Java-WebSocket-1.3.4.jar:na]
	at org.java_websocket.WebSocketImpl.decode(WebSocketImpl.java:170) [Java-WebSocket-1.3.4.jar:na]
	at org.java_websocket.client.WebSocketClient.run(WebSocketClient.java:229) [Java-WebSocket-1.3.4.jar:na]
	at java.lang.Thread.run(Thread.java:662) [na:1.6.0_43]
[2017-12-13 16:59:59 610] [ERROR] [Thread-0] [JsonUtils:70] - 从JSON中提取 string 类型值 [msg_text] 失败.
net.sf.json.JSONException: JSONObject["msg_text"] not found.
	at net.sf.json.JSONObject.getString(JSONObject.java:2092) ~[json-lib-2.4-jdk15.jar:na]
	at exp.libs.utils.format.JsonUtils.getStr(JsonUtils.java:68) ~[classes/:na]
	at exp.bilibli.plugin.core.gift.WebSockClient.onMessage(WebSockClient.java:126) [classes/:na]
	at org.java_websocket.client.WebSocketClient.onWebsocketMessage(WebSocketClient.java:297) [Java-WebSocket-1.3.4.jar:na]
	at org.java_websocket.WebSocketImpl.decodeFrames(WebSocketImpl.java:423) [Java-WebSocket-1.3.4.jar:na]
	at org.java_websocket.WebSocketImpl.decode(WebSocketImpl.java:170) [Java-WebSocket-1.3.4.jar:na]
	at org.java_websocket.client.WebSocketClient.run(WebSocketClient.java:229) [Java-WebSocket-1.3.4.jar:na]
	at java.lang.Thread.run(Thread.java:662) [na:1.6.0_43]
[2017-12-13 17:02:23 970] [ERROR] [Thread-0] [JsonUtils:70] - 从JSON中提取 string 类型值 [real_roomid] 失败.
net.sf.json.JSONException: JSONObject["real_roomid"] not found.
	at net.sf.json.JSONObject.getString(JSONObject.java:2092) ~[json-lib-2.4-jdk15.jar:na]
	at exp.libs.utils.format.JsonUtils.getStr(JsonUtils.java:68) ~[classes/:na]
	at exp.bilibli.plugin.core.gift.WebSockClient.onMessage(WebSockClient.java:116) [classes/:na]
	at org.java_websocket.client.WebSocketClient.onWebsocketMessage(WebSocketClient.java:297) [Java-WebSocket-1.3.4.jar:na]
	at org.java_websocket.WebSocketImpl.decodeFrames(WebSocketImpl.java:423) [Java-WebSocket-1.3.4.jar:na]
	at org.java_websocket.WebSocketImpl.decode(WebSocketImpl.java:170) [Java-WebSocket-1.3.4.jar:na]
	at org.java_websocket.client.WebSocketClient.run(WebSocketClient.java:229) [Java-WebSocket-1.3.4.jar:na]
	at java.lang.Thread.run(Thread.java:662) [na:1.6.0_43]
[2017-12-13 17:02:23 971] [ERROR] [Thread-0] [JsonUtils:70] - 从JSON中提取 string 类型值 [roomid] 失败.
net.sf.json.JSONException: JSONObject["roomid"] not found.
	at net.sf.json.JSONObject.getString(JSONObject.java:2092) ~[json-lib-2.4-jdk15.jar:na]
	at exp.libs.utils.format.JsonUtils.getStr(JsonUtils.java:68) ~[classes/:na]
	at exp.bilibli.plugin.core.gift.WebSockClient.onMessage(WebSockClient.java:118) [classes/:na]
	at org.java_websocket.client.WebSocketClient.onWebsocketMessage(WebSocketClient.java:297) [Java-WebSocket-1.3.4.jar:na]
	at org.java_websocket.WebSocketImpl.decodeFrames(WebSocketImpl.java:423) [Java-WebSocket-1.3.4.jar:na]
	at org.java_websocket.WebSocketImpl.decode(WebSocketImpl.java:170) [Java-WebSocket-1.3.4.jar:na]
	at org.java_websocket.client.WebSocketClient.run(WebSocketClient.java:229) [Java-WebSocket-1.3.4.jar:na]
	at java.lang.Thread.run(Thread.java:662) [na:1.6.0_43]
[2017-12-13 17:22:12 732] [ERROR] [Thread-0] [JsonUtils:70] - 从JSON中提取 string 类型值 [real_roomid] 失败.
net.sf.json.JSONException: JSONObject["real_roomid"] not found.
	at net.sf.json.JSONObject.getString(JSONObject.java:2092) ~[json-lib-2.4-jdk15.jar:na]
	at exp.libs.utils.format.JsonUtils.getStr(JsonUtils.java:68) ~[classes/:na]
	at exp.bilibli.plugin.core.gift.WebSockClient.onMessage(WebSockClient.java:116) [classes/:na]
	at org.java_websocket.client.WebSocketClient.onWebsocketMessage(WebSocketClient.java:297) [Java-WebSocket-1.3.4.jar:na]
	at org.java_websocket.WebSocketImpl.decodeFrames(WebSocketImpl.java:423) [Java-WebSocket-1.3.4.jar:na]
	at org.java_websocket.WebSocketImpl.decode(WebSocketImpl.java:170) [Java-WebSocket-1.3.4.jar:na]
	at org.java_websocket.client.WebSocketClient.run(WebSocketClient.java:229) [Java-WebSocket-1.3.4.jar:na]
	at java.lang.Thread.run(Thread.java:662) [na:1.6.0_43]
[2017-12-13 17:22:12 732] [ERROR] [Thread-0] [JsonUtils:70] - 从JSON中提取 string 类型值 [roomid] 失败.
net.sf.json.JSONException: JSONObject["roomid"] not found.
	at net.sf.json.JSONObject.getString(JSONObject.java:2092) ~[json-lib-2.4-jdk15.jar:na]
	at exp.libs.utils.format.JsonUtils.getStr(JsonUtils.java:68) ~[classes/:na]
	at exp.bilibli.plugin.core.gift.WebSockClient.onMessage(WebSockClient.java:118) [classes/:na]
	at org.java_websocket.client.WebSocketClient.onWebsocketMessage(WebSocketClient.java:297) [Java-WebSocket-1.3.4.jar:na]
	at org.java_websocket.WebSocketImpl.decodeFrames(WebSocketImpl.java:423) [Java-WebSocket-1.3.4.jar:na]
	at org.java_websocket.WebSocketImpl.decode(WebSocketImpl.java:170) [Java-WebSocket-1.3.4.jar:na]
	at org.java_websocket.client.WebSocketClient.run(WebSocketClient.java:229) [Java-WebSocket-1.3.4.jar:na]
	at java.lang.Thread.run(Thread.java:662) [na:1.6.0_43]
[2017-12-13 17:22:12 732] [ERROR] [Thread-0] [JsonUtils:70] - 从JSON中提取 string 类型值 [msg_text] 失败.
net.sf.json.JSONException: JSONObject["msg_text"] not found.
	at net.sf.json.JSONObject.getString(JSONObject.java:2092) ~[json-lib-2.4-jdk15.jar:na]
	at exp.libs.utils.format.JsonUtils.getStr(JsonUtils.java:68) ~[classes/:na]
	at exp.bilibli.plugin.core.gift.WebSockClient.onMessage(WebSockClient.java:126) [classes/:na]
	at org.java_websocket.client.WebSocketClient.onWebsocketMessage(WebSocketClient.java:297) [Java-WebSocket-1.3.4.jar:na]
	at org.java_websocket.WebSocketImpl.decodeFrames(WebSocketImpl.java:423) [Java-WebSocket-1.3.4.jar:na]
	at org.java_websocket.WebSocketImpl.decode(WebSocketImpl.java:170) [Java-WebSocket-1.3.4.jar:na]
	at org.java_websocket.client.WebSocketClient.run(WebSocketClient.java:229) [Java-WebSocket-1.3.4.jar:na]
	at java.lang.Thread.run(Thread.java:662) [na:1.6.0_43]
[2017-12-13 17:30:00 031] [ERROR] [Thread-0] [JsonUtils:70] - 从JSON中提取 string 类型值 [real_roomid] 失败.
net.sf.json.JSONException: JSONObject["real_roomid"] not found.
	at net.sf.json.JSONObject.getString(JSONObject.java:2092) ~[json-lib-2.4-jdk15.jar:na]
	at exp.libs.utils.format.JsonUtils.getStr(JsonUtils.java:68) ~[classes/:na]
	at exp.bilibli.plugin.core.gift.WebSockClient.onMessage(WebSockClient.java:116) [classes/:na]
	at org.java_websocket.client.WebSocketClient.onWebsocketMessage(WebSocketClient.java:297) [Java-WebSocket-1.3.4.jar:na]
	at org.java_websocket.WebSocketImpl.decodeFrames(WebSocketImpl.java:423) [Java-WebSocket-1.3.4.jar:na]
	at org.java_websocket.WebSocketImpl.decode(WebSocketImpl.java:170) [Java-WebSocket-1.3.4.jar:na]
	at org.java_websocket.client.WebSocketClient.run(WebSocketClient.java:229) [Java-WebSocket-1.3.4.jar:na]
	at java.lang.Thread.run(Thread.java:662) [na:1.6.0_43]
[2017-12-13 17:30:00 033] [ERROR] [Thread-0] [JsonUtils:70] - 从JSON中提取 string 类型值 [roomid] 失败.
net.sf.json.JSONException: JSONObject["roomid"] not found.
	at net.sf.json.JSONObject.getString(JSONObject.java:2092) ~[json-lib-2.4-jdk15.jar:na]
	at exp.libs.utils.format.JsonUtils.getStr(JsonUtils.java:68) ~[classes/:na]
	at exp.bilibli.plugin.core.gift.WebSockClient.onMessage(WebSockClient.java:118) [classes/:na]
	at org.java_websocket.client.WebSocketClient.onWebsocketMessage(WebSocketClient.java:297) [Java-WebSocket-1.3.4.jar:na]
	at org.java_websocket.WebSocketImpl.decodeFrames(WebSocketImpl.java:423) [Java-WebSocket-1.3.4.jar:na]
	at org.java_websocket.WebSocketImpl.decode(WebSocketImpl.java:170) [Java-WebSocket-1.3.4.jar:na]
	at org.java_websocket.client.WebSocketClient.run(WebSocketClient.java:229) [Java-WebSocket-1.3.4.jar:na]
	at java.lang.Thread.run(Thread.java:662) [na:1.6.0_43]
[2017-12-13 17:30:00 034] [ERROR] [Thread-0] [JsonUtils:70] - 从JSON中提取 string 类型值 [msg_text] 失败.
net.sf.json.JSONException: JSONObject["msg_text"] not found.
	at net.sf.json.JSONObject.getString(JSONObject.java:2092) ~[json-lib-2.4-jdk15.jar:na]
	at exp.libs.utils.format.JsonUtils.getStr(JsonUtils.java:68) ~[classes/:na]
	at exp.bilibli.plugin.core.gift.WebSockClient.onMessage(WebSockClient.java:126) [classes/:na]
	at org.java_websocket.client.WebSocketClient.onWebsocketMessage(WebSocketClient.java:297) [Java-WebSocket-1.3.4.jar:na]
	at org.java_websocket.WebSocketImpl.decodeFrames(WebSocketImpl.java:423) [Java-WebSocket-1.3.4.jar:na]
	at org.java_websocket.WebSocketImpl.decode(WebSocketImpl.java:170) [Java-WebSocket-1.3.4.jar:na]
	at org.java_websocket.client.WebSocketClient.run(WebSocketClient.java:229) [Java-WebSocket-1.3.4.jar:na]
	at java.lang.Thread.run(Thread.java:662) [na:1.6.0_43]
[2017-12-13 17:39:29 122] [ERROR] [Thread-0] [JsonUtils:70] - 从JSON中提取 string 类型值 [real_roomid] 失败.
net.sf.json.JSONException: JSONObject["real_roomid"] not found.
	at net.sf.json.JSONObject.getString(JSONObject.java:2092) ~[json-lib-2.4-jdk15.jar:na]
	at exp.libs.utils.format.JsonUtils.getStr(JsonUtils.java:68) ~[classes/:na]
	at exp.bilibli.plugin.core.gift.WebSockClient.onMessage(WebSockClient.java:116) [classes/:na]
	at org.java_websocket.client.WebSocketClient.onWebsocketMessage(WebSocketClient.java:297) [Java-WebSocket-1.3.4.jar:na]
	at org.java_websocket.WebSocketImpl.decodeFrames(WebSocketImpl.java:423) [Java-WebSocket-1.3.4.jar:na]
	at org.java_websocket.WebSocketImpl.decode(WebSocketImpl.java:170) [Java-WebSocket-1.3.4.jar:na]
	at org.java_websocket.client.WebSocketClient.run(WebSocketClient.java:229) [Java-WebSocket-1.3.4.jar:na]
	at java.lang.Thread.run(Thread.java:662) [na:1.6.0_43]
[2017-12-13 17:39:29 123] [ERROR] [Thread-0] [JsonUtils:70] - 从JSON中提取 string 类型值 [roomid] 失败.
net.sf.json.JSONException: JSONObject["roomid"] not found.
	at net.sf.json.JSONObject.getString(JSONObject.java:2092) ~[json-lib-2.4-jdk15.jar:na]
	at exp.libs.utils.format.JsonUtils.getStr(JsonUtils.java:68) ~[classes/:na]
	at exp.bilibli.plugin.core.gift.WebSockClient.onMessage(WebSockClient.java:118) [classes/:na]
	at org.java_websocket.client.WebSocketClient.onWebsocketMessage(WebSocketClient.java:297) [Java-WebSocket-1.3.4.jar:na]
	at org.java_websocket.WebSocketImpl.decodeFrames(WebSocketImpl.java:423) [Java-WebSocket-1.3.4.jar:na]
	at org.java_websocket.WebSocketImpl.decode(WebSocketImpl.java:170) [Java-WebSocket-1.3.4.jar:na]
	at org.java_websocket.client.WebSocketClient.run(WebSocketClient.java:229) [Java-WebSocket-1.3.4.jar:na]
	at java.lang.Thread.run(Thread.java:662) [na:1.6.0_43]
[2017-12-13 17:39:54 544] [ERROR] [Thread-0] [JsonUtils:70] - 从JSON中提取 string 类型值 [real_roomid] 失败.
net.sf.json.JSONException: JSONObject["real_roomid"] not found.
	at net.sf.json.JSONObject.getString(JSONObject.java:2092) ~[json-lib-2.4-jdk15.jar:na]
	at exp.libs.utils.format.JsonUtils.getStr(JsonUtils.java:68) ~[classes/:na]
	at exp.bilibli.plugin.core.gift.WebSockClient.onMessage(WebSockClient.java:116) [classes/:na]
	at org.java_websocket.client.WebSocketClient.onWebsocketMessage(WebSocketClient.java:297) [Java-WebSocket-1.3.4.jar:na]
	at org.java_websocket.WebSocketImpl.decodeFrames(WebSocketImpl.java:423) [Java-WebSocket-1.3.4.jar:na]
	at org.java_websocket.WebSocketImpl.decode(WebSocketImpl.java:170) [Java-WebSocket-1.3.4.jar:na]
	at org.java_websocket.client.WebSocketClient.run(WebSocketClient.java:229) [Java-WebSocket-1.3.4.jar:na]
	at java.lang.Thread.run(Thread.java:662) [na:1.6.0_43]
[2017-12-13 17:39:54 545] [ERROR] [Thread-0] [JsonUtils:70] - 从JSON中提取 string 类型值 [roomid] 失败.
net.sf.json.JSONException: JSONObject["roomid"] not found.
	at net.sf.json.JSONObject.getString(JSONObject.java:2092) ~[json-lib-2.4-jdk15.jar:na]
	at exp.libs.utils.format.JsonUtils.getStr(JsonUtils.java:68) ~[classes/:na]
	at exp.bilibli.plugin.core.gift.WebSockClient.onMessage(WebSockClient.java:118) [classes/:na]
	at org.java_websocket.client.WebSocketClient.onWebsocketMessage(WebSocketClient.java:297) [Java-WebSocket-1.3.4.jar:na]
	at org.java_websocket.WebSocketImpl.decodeFrames(WebSocketImpl.java:423) [Java-WebSocket-1.3.4.jar:na]
	at org.java_websocket.WebSocketImpl.decode(WebSocketImpl.java:170) [Java-WebSocket-1.3.4.jar:na]
	at org.java_websocket.client.WebSocketClient.run(WebSocketClient.java:229) [Java-WebSocket-1.3.4.jar:na]
	at java.lang.Thread.run(Thread.java:662) [na:1.6.0_43]
[2017-12-13 17:40:20 438] [ERROR] [Thread-0] [JsonUtils:70] - 从JSON中提取 string 类型值 [real_roomid] 失败.
net.sf.json.JSONException: JSONObject["real_roomid"] not found.
	at net.sf.json.JSONObject.getString(JSONObject.java:2092) ~[json-lib-2.4-jdk15.jar:na]
	at exp.libs.utils.format.JsonUtils.getStr(JsonUtils.java:68) ~[classes/:na]
	at exp.bilibli.plugin.core.gift.WebSockClient.onMessage(WebSockClient.java:116) [classes/:na]
	at org.java_websocket.client.WebSocketClient.onWebsocketMessage(WebSocketClient.java:297) [Java-WebSocket-1.3.4.jar:na]
	at org.java_websocket.WebSocketImpl.decodeFrames(WebSocketImpl.java:423) [Java-WebSocket-1.3.4.jar:na]
	at org.java_websocket.WebSocketImpl.decode(WebSocketImpl.java:170) [Java-WebSocket-1.3.4.jar:na]
	at org.java_websocket.client.WebSocketClient.run(WebSocketClient.java:229) [Java-WebSocket-1.3.4.jar:na]
	at java.lang.Thread.run(Thread.java:662) [na:1.6.0_43]
[2017-12-13 17:40:20 438] [ERROR] [Thread-0] [JsonUtils:70] - 从JSON中提取 string 类型值 [roomid] 失败.
net.sf.json.JSONException: JSONObject["roomid"] not found.
	at net.sf.json.JSONObject.getString(JSONObject.java:2092) ~[json-lib-2.4-jdk15.jar:na]
	at exp.libs.utils.format.JsonUtils.getStr(JsonUtils.java:68) ~[classes/:na]
	at exp.bilibli.plugin.core.gift.WebSockClient.onMessage(WebSockClient.java:118) [classes/:na]
	at org.java_websocket.client.WebSocketClient.onWebsocketMessage(WebSocketClient.java:297) [Java-WebSocket-1.3.4.jar:na]
	at org.java_websocket.WebSocketImpl.decodeFrames(WebSocketImpl.java:423) [Java-WebSocket-1.3.4.jar:na]
	at org.java_websocket.WebSocketImpl.decode(WebSocketImpl.java:170) [Java-WebSocket-1.3.4.jar:na]
	at org.java_websocket.client.WebSocketClient.run(WebSocketClient.java:229) [Java-WebSocket-1.3.4.jar:na]
	at java.lang.Thread.run(Thread.java:662) [na:1.6.0_43]
[2017-12-13 17:48:04 667] [ERROR] [Thread-0] [JsonUtils:70] - 从JSON中提取 string 类型值 [real_roomid] 失败.
net.sf.json.JSONException: JSONObject["real_roomid"] not found.
	at net.sf.json.JSONObject.getString(JSONObject.java:2092) ~[json-lib-2.4-jdk15.jar:na]
	at exp.libs.utils.format.JsonUtils.getStr(JsonUtils.java:68) ~[classes/:na]
	at exp.bilibli.plugin.core.gift.WebSockClient.onMessage(WebSockClient.java:116) [classes/:na]
	at org.java_websocket.client.WebSocketClient.onWebsocketMessage(WebSocketClient.java:297) [Java-WebSocket-1.3.4.jar:na]
	at org.java_websocket.WebSocketImpl.decodeFrames(WebSocketImpl.java:423) [Java-WebSocket-1.3.4.jar:na]
	at org.java_websocket.WebSocketImpl.decode(WebSocketImpl.java:170) [Java-WebSocket-1.3.4.jar:na]
	at org.java_websocket.client.WebSocketClient.run(WebSocketClient.java:229) [Java-WebSocket-1.3.4.jar:na]
	at java.lang.Thread.run(Thread.java:662) [na:1.6.0_43]
[2017-12-13 17:48:04 669] [ERROR] [Thread-0] [JsonUtils:70] - 从JSON中提取 string 类型值 [roomid] 失败.
net.sf.json.JSONException: JSONObject["roomid"] not found.
	at net.sf.json.JSONObject.getString(JSONObject.java:2092) ~[json-lib-2.4-jdk15.jar:na]
	at exp.libs.utils.format.JsonUtils.getStr(JsonUtils.java:68) ~[classes/:na]
	at exp.bilibli.plugin.core.gift.WebSockClient.onMessage(WebSockClient.java:118) [classes/:na]
	at org.java_websocket.client.WebSocketClient.onWebsocketMessage(WebSocketClient.java:297) [Java-WebSocket-1.3.4.jar:na]
	at org.java_websocket.WebSocketImpl.decodeFrames(WebSocketImpl.java:423) [Java-WebSocket-1.3.4.jar:na]
	at org.java_websocket.WebSocketImpl.decode(WebSocketImpl.java:170) [Java-WebSocket-1.3.4.jar:na]
	at org.java_websocket.client.WebSocketClient.run(WebSocketClient.java:229) [Java-WebSocket-1.3.4.jar:na]
	at java.lang.Thread.run(Thread.java:662) [na:1.6.0_43]
[2017-12-13 17:55:06 842] [ERROR] [Thread-0] [JsonUtils:70] - 从JSON中提取 string 类型值 [real_roomid] 失败.
net.sf.json.JSONException: JSONObject["real_roomid"] not found.
	at net.sf.json.JSONObject.getString(JSONObject.java:2092) ~[json-lib-2.4-jdk15.jar:na]
	at exp.libs.utils.format.JsonUtils.getStr(JsonUtils.java:68) ~[classes/:na]
	at exp.bilibli.plugin.core.gift.WebSockClient.onMessage(WebSockClient.java:116) [classes/:na]
	at org.java_websocket.client.WebSocketClient.onWebsocketMessage(WebSocketClient.java:297) [Java-WebSocket-1.3.4.jar:na]
	at org.java_websocket.WebSocketImpl.decodeFrames(WebSocketImpl.java:423) [Java-WebSocket-1.3.4.jar:na]
	at org.java_websocket.WebSocketImpl.decode(WebSocketImpl.java:170) [Java-WebSocket-1.3.4.jar:na]
	at org.java_websocket.client.WebSocketClient.run(WebSocketClient.java:229) [Java-WebSocket-1.3.4.jar:na]
	at java.lang.Thread.run(Thread.java:662) [na:1.6.0_43]
[2017-12-13 17:55:06 844] [ERROR] [Thread-0] [JsonUtils:70] - 从JSON中提取 string 类型值 [roomid] 失败.
net.sf.json.JSONException: JSONObject["roomid"] not found.
	at net.sf.json.JSONObject.getString(JSONObject.java:2092) ~[json-lib-2.4-jdk15.jar:na]
	at exp.libs.utils.format.JsonUtils.getStr(JsonUtils.java:68) ~[classes/:na]
	at exp.bilibli.plugin.core.gift.WebSockClient.onMessage(WebSockClient.java:118) [classes/:na]
	at org.java_websocket.client.WebSocketClient.onWebsocketMessage(WebSocketClient.java:297) [Java-WebSocket-1.3.4.jar:na]
	at org.java_websocket.WebSocketImpl.decodeFrames(WebSocketImpl.java:423) [Java-WebSocket-1.3.4.jar:na]
	at org.java_websocket.WebSocketImpl.decode(WebSocketImpl.java:170) [Java-WebSocket-1.3.4.jar:na]
	at org.java_websocket.client.WebSocketClient.run(WebSocketClient.java:229) [Java-WebSocket-1.3.4.jar:na]
	at java.lang.Thread.run(Thread.java:662) [na:1.6.0_43]
[2017-12-13 18:00:00 488] [ERROR] [Thread-0] [JsonUtils:70] - 从JSON中提取 string 类型值 [real_roomid] 失败.
net.sf.json.JSONException: JSONObject["real_roomid"] not found.
	at net.sf.json.JSONObject.getString(JSONObject.java:2092) ~[json-lib-2.4-jdk15.jar:na]
	at exp.libs.utils.format.JsonUtils.getStr(JsonUtils.java:68) ~[classes/:na]
	at exp.bilibli.plugin.core.gift.WebSockClient.onMessage(WebSockClient.java:116) [classes/:na]
	at org.java_websocket.client.WebSocketClient.onWebsocketMessage(WebSocketClient.java:297) [Java-WebSocket-1.3.4.jar:na]
	at org.java_websocket.WebSocketImpl.decodeFrames(WebSocketImpl.java:423) [Java-WebSocket-1.3.4.jar:na]
	at org.java_websocket.WebSocketImpl.decode(WebSocketImpl.java:170) [Java-WebSocket-1.3.4.jar:na]
	at org.java_websocket.client.WebSocketClient.run(WebSocketClient.java:229) [Java-WebSocket-1.3.4.jar:na]
	at java.lang.Thread.run(Thread.java:662) [na:1.6.0_43]
[2017-12-13 18:00:00 488] [ERROR] [Thread-0] [JsonUtils:70] - 从JSON中提取 string 类型值 [roomid] 失败.
net.sf.json.JSONException: JSONObject["roomid"] not found.
	at net.sf.json.JSONObject.getString(JSONObject.java:2092) ~[json-lib-2.4-jdk15.jar:na]
	at exp.libs.utils.format.JsonUtils.getStr(JsonUtils.java:68) ~[classes/:na]
	at exp.bilibli.plugin.core.gift.WebSockClient.onMessage(WebSockClient.java:118) [classes/:na]
	at org.java_websocket.client.WebSocketClient.onWebsocketMessage(WebSocketClient.java:297) [Java-WebSocket-1.3.4.jar:na]
	at org.java_websocket.WebSocketImpl.decodeFrames(WebSocketImpl.java:423) [Java-WebSocket-1.3.4.jar:na]
	at org.java_websocket.WebSocketImpl.decode(WebSocketImpl.java:170) [Java-WebSocket-1.3.4.jar:na]
	at org.java_websocket.client.WebSocketClient.run(WebSocketClient.java:229) [Java-WebSocket-1.3.4.jar:na]
	at java.lang.Thread.run(Thread.java:662) [na:1.6.0_43]
[2017-12-13 18:00:00 489] [ERROR] [Thread-0] [JsonUtils:70] - 从JSON中提取 string 类型值 [msg_text] 失败.
net.sf.json.JSONException: JSONObject["msg_text"] not found.
	at net.sf.json.JSONObject.getString(JSONObject.java:2092) ~[json-lib-2.4-jdk15.jar:na]
	at exp.libs.utils.format.JsonUtils.getStr(JsonUtils.java:68) ~[classes/:na]
	at exp.bilibli.plugin.core.gift.WebSockClient.onMessage(WebSockClient.java:126) [classes/:na]
	at org.java_websocket.client.WebSocketClient.onWebsocketMessage(WebSocketClient.java:297) [Java-WebSocket-1.3.4.jar:na]
	at org.java_websocket.WebSocketImpl.decodeFrames(WebSocketImpl.java:423) [Java-WebSocket-1.3.4.jar:na]
	at org.java_websocket.WebSocketImpl.decode(WebSocketImpl.java:170) [Java-WebSocket-1.3.4.jar:na]
	at org.java_websocket.client.WebSocketClient.run(WebSocketClient.java:229) [Java-WebSocket-1.3.4.jar:na]
	at java.lang.Thread.run(Thread.java:662) [na:1.6.0_43]
[2017-12-13 18:04:59 991] [ERROR] [Thread-0] [JsonUtils:70] - 从JSON中提取 string 类型值 [real_roomid] 失败.
net.sf.json.JSONException: JSONObject["real_roomid"] not found.
	at net.sf.json.JSONObject.getString(JSONObject.java:2092) ~[json-lib-2.4-jdk15.jar:na]
	at exp.libs.utils.format.JsonUtils.getStr(JsonUtils.java:68) ~[classes/:na]
	at exp.bilibli.plugin.core.gift.WebSockClient.onMessage(WebSockClient.java:116) [classes/:na]
	at org.java_websocket.client.WebSocketClient.onWebsocketMessage(WebSocketClient.java:297) [Java-WebSocket-1.3.4.jar:na]
	at org.java_websocket.WebSocketImpl.decodeFrames(WebSocketImpl.java:423) [Java-WebSocket-1.3.4.jar:na]
	at org.java_websocket.WebSocketImpl.decode(WebSocketImpl.java:170) [Java-WebSocket-1.3.4.jar:na]
	at org.java_websocket.client.WebSocketClient.run(WebSocketClient.java:229) [Java-WebSocket-1.3.4.jar:na]
	at java.lang.Thread.run(Thread.java:662) [na:1.6.0_43]
[2017-12-13 18:04:59 992] [ERROR] [Thread-0] [JsonUtils:70] - 从JSON中提取 string 类型值 [roomid] 失败.
net.sf.json.JSONException: JSONObject["roomid"] not found.
	at net.sf.json.JSONObject.getString(JSONObject.java:2092) ~[json-lib-2.4-jdk15.jar:na]
	at exp.libs.utils.format.JsonUtils.getStr(JsonUtils.java:68) ~[classes/:na]
	at exp.bilibli.plugin.core.gift.WebSockClient.onMessage(WebSockClient.java:118) [classes/:na]
	at org.java_websocket.client.WebSocketClient.onWebsocketMessage(WebSocketClient.java:297) [Java-WebSocket-1.3.4.jar:na]
	at org.java_websocket.WebSocketImpl.decodeFrames(WebSocketImpl.java:423) [Java-WebSocket-1.3.4.jar:na]
	at org.java_websocket.WebSocketImpl.decode(WebSocketImpl.java:170) [Java-WebSocket-1.3.4.jar:na]
	at org.java_websocket.client.WebSocketClient.run(WebSocketClient.java:229) [Java-WebSocket-1.3.4.jar:na]
	at java.lang.Thread.run(Thread.java:662) [na:1.6.0_43]
[2017-12-13 18:07:28 215] [ERROR] [Thread-0] [JsonUtils:70] - 从JSON中提取 string 类型值 [real_roomid] 失败.
net.sf.json.JSONException: JSONObject["real_roomid"] not found.
	at net.sf.json.JSONObject.getString(JSONObject.java:2092) ~[json-lib-2.4-jdk15.jar:na]
	at exp.libs.utils.format.JsonUtils.getStr(JsonUtils.java:68) ~[classes/:na]
	at exp.bilibli.plugin.core.gift.WebSockClient.onMessage(WebSockClient.java:116) [classes/:na]
	at org.java_websocket.client.WebSocketClient.onWebsocketMessage(WebSocketClient.java:297) [Java-WebSocket-1.3.4.jar:na]
	at org.java_websocket.WebSocketImpl.decodeFrames(WebSocketImpl.java:423) [Java-WebSocket-1.3.4.jar:na]
	at org.java_websocket.WebSocketImpl.decode(WebSocketImpl.java:170) [Java-WebSocket-1.3.4.jar:na]
	at org.java_websocket.client.WebSocketClient.run(WebSocketClient.java:229) [Java-WebSocket-1.3.4.jar:na]
	at java.lang.Thread.run(Thread.java:662) [na:1.6.0_43]
[2017-12-13 18:07:28 216] [ERROR] [Thread-0] [JsonUtils:70] - 从JSON中提取 string 类型值 [roomid] 失败.
net.sf.json.JSONException: JSONObject["roomid"] not found.
	at net.sf.json.JSONObject.getString(JSONObject.java:2092) ~[json-lib-2.4-jdk15.jar:na]
	at exp.libs.utils.format.JsonUtils.getStr(JsonUtils.java:68) ~[classes/:na]
	at exp.bilibli.plugin.core.gift.WebSockClient.onMessage(WebSockClient.java:118) [classes/:na]
	at org.java_websocket.client.WebSocketClient.onWebsocketMessage(WebSocketClient.java:297) [Java-WebSocket-1.3.4.jar:na]
	at org.java_websocket.WebSocketImpl.decodeFrames(WebSocketImpl.java:423) [Java-WebSocket-1.3.4.jar:na]
	at org.java_websocket.WebSocketImpl.decode(WebSocketImpl.java:170) [Java-WebSocket-1.3.4.jar:na]
	at org.java_websocket.client.WebSocketClient.run(WebSocketClient.java:229) [Java-WebSocket-1.3.4.jar:na]
	at java.lang.Thread.run(Thread.java:662) [na:1.6.0_43]
[2017-12-13 18:09:20 780] [ERROR] [Thread-0] [JsonUtils:70] - 从JSON中提取 string 类型值 [real_roomid] 失败.
net.sf.json.JSONException: JSONObject["real_roomid"] not found.
	at net.sf.json.JSONObject.getString(JSONObject.java:2092) ~[json-lib-2.4-jdk15.jar:na]
	at exp.libs.utils.format.JsonUtils.getStr(JsonUtils.java:68) ~[classes/:na]
	at exp.bilibli.plugin.core.gift.WebSockClient.onMessage(WebSockClient.java:116) [classes/:na]
	at org.java_websocket.client.WebSocketClient.onWebsocketMessage(WebSocketClient.java:297) [Java-WebSocket-1.3.4.jar:na]
	at org.java_websocket.WebSocketImpl.decodeFrames(WebSocketImpl.java:423) [Java-WebSocket-1.3.4.jar:na]
	at org.java_websocket.WebSocketImpl.decode(WebSocketImpl.java:170) [Java-WebSocket-1.3.4.jar:na]
	at org.java_websocket.client.WebSocketClient.run(WebSocketClient.java:229) [Java-WebSocket-1.3.4.jar:na]
	at java.lang.Thread.run(Thread.java:662) [na:1.6.0_43]
[2017-12-13 18:09:20 780] [ERROR] [Thread-0] [JsonUtils:70] - 从JSON中提取 string 类型值 [roomid] 失败.
net.sf.json.JSONException: JSONObject["roomid"] not found.
	at net.sf.json.JSONObject.getString(JSONObject.java:2092) ~[json-lib-2.4-jdk15.jar:na]
	at exp.libs.utils.format.JsonUtils.getStr(JsonUtils.java:68) ~[classes/:na]
	at exp.bilibli.plugin.core.gift.WebSockClient.onMessage(WebSockClient.java:118) [classes/:na]
	at org.java_websocket.client.WebSocketClient.onWebsocketMessage(WebSocketClient.java:297) [Java-WebSocket-1.3.4.jar:na]
	at org.java_websocket.WebSocketImpl.decodeFrames(WebSocketImpl.java:423) [Java-WebSocket-1.3.4.jar:na]
	at org.java_websocket.WebSocketImpl.decode(WebSocketImpl.java:170) [Java-WebSocket-1.3.4.jar:na]
	at org.java_websocket.client.WebSocketClient.run(WebSocketClient.java:229) [Java-WebSocket-1.3.4.jar:na]
	at java.lang.Thread.run(Thread.java:662) [na:1.6.0_43]
[2017-12-13 18:10:14 975] [ERROR] [Thread-0] [JsonUtils:70] - 从JSON中提取 string 类型值 [real_roomid] 失败.
net.sf.json.JSONException: JSONObject["real_roomid"] not found.
	at net.sf.json.JSONObject.getString(JSONObject.java:2092) ~[json-lib-2.4-jdk15.jar:na]
	at exp.libs.utils.format.JsonUtils.getStr(JsonUtils.java:68) ~[classes/:na]
	at exp.bilibli.plugin.core.gift.WebSockClient.getRoomId(WebSockClient.java:161) [classes/:na]
	at exp.bilibli.plugin.core.gift.WebSockClient.handle(WebSockClient.java:139) [classes/:na]
	at exp.bilibli.plugin.core.gift.WebSockClient.onMessage(WebSockClient.java:117) [classes/:na]
	at org.java_websocket.client.WebSocketClient.onWebsocketMessage(WebSocketClient.java:297) [Java-WebSocket-1.3.4.jar:na]
	at org.java_websocket.WebSocketImpl.decodeFrames(WebSocketImpl.java:423) [Java-WebSocket-1.3.4.jar:na]
	at org.java_websocket.WebSocketImpl.decode(WebSocketImpl.java:170) [Java-WebSocket-1.3.4.jar:na]
	at org.java_websocket.client.WebSocketClient.run(WebSocketClient.java:229) [Java-WebSocket-1.3.4.jar:na]
	at java.lang.Thread.run(Thread.java:662) [na:1.6.0_43]
[2017-12-13 18:10:14 976] [ERROR] [Thread-0] [JsonUtils:70] - 从JSON中提取 string 类型值 [roomid] 失败.
net.sf.json.JSONException: JSONObject["roomid"] not found.
	at net.sf.json.JSONObject.getString(JSONObject.java:2092) ~[json-lib-2.4-jdk15.jar:na]
	at exp.libs.utils.format.JsonUtils.getStr(JsonUtils.java:68) ~[classes/:na]
	at exp.bilibli.plugin.core.gift.WebSockClient.getRoomId(WebSockClient.java:163) [classes/:na]
	at exp.bilibli.plugin.core.gift.WebSockClient.handle(WebSockClient.java:139) [classes/:na]
	at exp.bilibli.plugin.core.gift.WebSockClient.onMessage(WebSockClient.java:117) [classes/:na]
	at org.java_websocket.client.WebSocketClient.onWebsocketMessage(WebSocketClient.java:297) [Java-WebSocket-1.3.4.jar:na]
	at org.java_websocket.WebSocketImpl.decodeFrames(WebSocketImpl.java:423) [Java-WebSocket-1.3.4.jar:na]
	at org.java_websocket.WebSocketImpl.decode(WebSocketImpl.java:170) [Java-WebSocket-1.3.4.jar:na]
	at org.java_websocket.client.WebSocketClient.run(WebSocketClient.java:229) [Java-WebSocket-1.3.4.jar:na]
	at java.lang.Thread.run(Thread.java:662) [na:1.6.0_43]
[2017-12-13 18:20:48 218] [ERROR] [Thread-0] [JsonUtils:70] - 从JSON中提取 string 类型值 [real_roomid] 失败.
net.sf.json.JSONException: JSONObject["real_roomid"] not found.
	at net.sf.json.JSONObject.getString(JSONObject.java:2092) ~[json-lib-2.4-jdk15.jar:na]
	at exp.libs.utils.format.JsonUtils.getStr(JsonUtils.java:68) ~[classes/:na]
	at exp.bilibli.plugin.core.gift.WebSockClient.getRoomId(WebSockClient.java:161) [classes/:na]
	at exp.bilibli.plugin.core.gift.WebSockClient.handle(WebSockClient.java:139) [classes/:na]
	at exp.bilibli.plugin.core.gift.WebSockClient.onMessage(WebSockClient.java:117) [classes/:na]
	at org.java_websocket.client.WebSocketClient.onWebsocketMessage(WebSocketClient.java:297) [Java-WebSocket-1.3.4.jar:na]
	at org.java_websocket.WebSocketImpl.decodeFrames(WebSocketImpl.java:423) [Java-WebSocket-1.3.4.jar:na]
	at org.java_websocket.WebSocketImpl.decode(WebSocketImpl.java:170) [Java-WebSocket-1.3.4.jar:na]
	at org.java_websocket.client.WebSocketClient.run(WebSocketClient.java:229) [Java-WebSocket-1.3.4.jar:na]
	at java.lang.Thread.run(Thread.java:662) [na:1.6.0_43]
[2017-12-13 18:20:48 220] [ERROR] [Thread-0] [JsonUtils:70] - 从JSON中提取 string 类型值 [roomid] 失败.
net.sf.json.JSONException: JSONObject["roomid"] not found.
	at net.sf.json.JSONObject.getString(JSONObject.java:2092) ~[json-lib-2.4-jdk15.jar:na]
	at exp.libs.utils.format.JsonUtils.getStr(JsonUtils.java:68) ~[classes/:na]
	at exp.bilibli.plugin.core.gift.WebSockClient.getRoomId(WebSockClient.java:163) [classes/:na]
	at exp.bilibli.plugin.core.gift.WebSockClient.handle(WebSockClient.java:139) [classes/:na]
	at exp.bilibli.plugin.core.gift.WebSockClient.onMessage(WebSockClient.java:117) [classes/:na]
	at org.java_websocket.client.WebSocketClient.onWebsocketMessage(WebSocketClient.java:297) [Java-WebSocket-1.3.4.jar:na]
	at org.java_websocket.WebSocketImpl.decodeFrames(WebSocketImpl.java:423) [Java-WebSocket-1.3.4.jar:na]
	at org.java_websocket.WebSocketImpl.decode(WebSocketImpl.java:170) [Java-WebSocket-1.3.4.jar:na]
	at org.java_websocket.client.WebSocketClient.run(WebSocketClient.java:229) [Java-WebSocket-1.3.4.jar:na]
	at java.lang.Thread.run(Thread.java:662) [na:1.6.0_43]
[2017-12-13 18:21:12 854] [ERROR] [Thread-0] [JsonUtils:70] - 从JSON中提取 string 类型值 [real_roomid] 失败.
net.sf.json.JSONException: JSONObject["real_roomid"] not found.
	at net.sf.json.JSONObject.getString(JSONObject.java:2092) ~[json-lib-2.4-jdk15.jar:na]
	at exp.libs.utils.format.JsonUtils.getStr(JsonUtils.java:68) ~[classes/:na]
	at exp.bilibli.plugin.core.gift.WebSockClient.getRoomId(WebSockClient.java:161) [classes/:na]
	at exp.bilibli.plugin.core.gift.WebSockClient.handle(WebSockClient.java:139) [classes/:na]
	at exp.bilibli.plugin.core.gift.WebSockClient.onMessage(WebSockClient.java:117) [classes/:na]
	at org.java_websocket.client.WebSocketClient.onWebsocketMessage(WebSocketClient.java:297) [Java-WebSocket-1.3.4.jar:na]
	at org.java_websocket.WebSocketImpl.decodeFrames(WebSocketImpl.java:423) [Java-WebSocket-1.3.4.jar:na]
	at org.java_websocket.WebSocketImpl.decode(WebSocketImpl.java:170) [Java-WebSocket-1.3.4.jar:na]
	at org.java_websocket.client.WebSocketClient.run(WebSocketClient.java:229) [Java-WebSocket-1.3.4.jar:na]
	at java.lang.Thread.run(Thread.java:662) [na:1.6.0_43]
[2017-12-13 18:21:12 856] [ERROR] [Thread-0] [JsonUtils:70] - 从JSON中提取 string 类型值 [roomid] 失败.
net.sf.json.JSONException: JSONObject["roomid"] not found.
	at net.sf.json.JSONObject.getString(JSONObject.java:2092) ~[json-lib-2.4-jdk15.jar:na]
	at exp.libs.utils.format.JsonUtils.getStr(JsonUtils.java:68) ~[classes/:na]
	at exp.bilibli.plugin.core.gift.WebSockClient.getRoomId(WebSockClient.java:163) [classes/:na]
	at exp.bilibli.plugin.core.gift.WebSockClient.handle(WebSockClient.java:139) [classes/:na]
	at exp.bilibli.plugin.core.gift.WebSockClient.onMessage(WebSockClient.java:117) [classes/:na]
	at org.java_websocket.client.WebSocketClient.onWebsocketMessage(WebSocketClient.java:297) [Java-WebSocket-1.3.4.jar:na]
	at org.java_websocket.WebSocketImpl.decodeFrames(WebSocketImpl.java:423) [Java-WebSocket-1.3.4.jar:na]
	at org.java_websocket.WebSocketImpl.decode(WebSocketImpl.java:170) [Java-WebSocket-1.3.4.jar:na]
	at org.java_websocket.client.WebSocketClient.run(WebSocketClient.java:229) [Java-WebSocket-1.3.4.jar:na]
	at java.lang.Thread.run(Thread.java:662) [na:1.6.0_43]
[2017-12-13 18:22:12 536] [ERROR] [Thread-0] [JsonUtils:70] - 从JSON中提取 string 类型值 [real_roomid] 失败.
net.sf.json.JSONException: JSONObject["real_roomid"] not found.
	at net.sf.json.JSONObject.getString(JSONObject.java:2092) ~[json-lib-2.4-jdk15.jar:na]
	at exp.libs.utils.format.JsonUtils.getStr(JsonUtils.java:68) ~[classes/:na]
	at exp.bilibli.plugin.core.gift.WebSockClient.getRoomId(WebSockClient.java:161) [classes/:na]
	at exp.bilibli.plugin.core.gift.WebSockClient.handle(WebSockClient.java:139) [classes/:na]
	at exp.bilibli.plugin.core.gift.WebSockClient.onMessage(WebSockClient.java:117) [classes/:na]
	at org.java_websocket.client.WebSocketClient.onWebsocketMessage(WebSocketClient.java:297) [Java-WebSocket-1.3.4.jar:na]
	at org.java_websocket.WebSocketImpl.decodeFrames(WebSocketImpl.java:423) [Java-WebSocket-1.3.4.jar:na]
	at org.java_websocket.WebSocketImpl.decode(WebSocketImpl.java:170) [Java-WebSocket-1.3.4.jar:na]
	at org.java_websocket.client.WebSocketClient.run(WebSocketClient.java:229) [Java-WebSocket-1.3.4.jar:na]
	at java.lang.Thread.run(Thread.java:662) [na:1.6.0_43]
[2017-12-13 18:22:12 537] [ERROR] [Thread-0] [JsonUtils:70] - 从JSON中提取 string 类型值 [roomid] 失败.
net.sf.json.JSONException: JSONObject["roomid"] not found.
	at net.sf.json.JSONObject.getString(JSONObject.java:2092) ~[json-lib-2.4-jdk15.jar:na]
	at exp.libs.utils.format.JsonUtils.getStr(JsonUtils.java:68) ~[classes/:na]
	at exp.bilibli.plugin.core.gift.WebSockClient.getRoomId(WebSockClient.java:163) [classes/:na]
	at exp.bilibli.plugin.core.gift.WebSockClient.handle(WebSockClient.java:139) [classes/:na]
	at exp.bilibli.plugin.core.gift.WebSockClient.onMessage(WebSockClient.java:117) [classes/:na]
	at org.java_websocket.client.WebSocketClient.onWebsocketMessage(WebSocketClient.java:297) [Java-WebSocket-1.3.4.jar:na]
	at org.java_websocket.WebSocketImpl.decodeFrames(WebSocketImpl.java:423) [Java-WebSocket-1.3.4.jar:na]
	at org.java_websocket.WebSocketImpl.decode(WebSocketImpl.java:170) [Java-WebSocket-1.3.4.jar:na]
	at org.java_websocket.client.WebSocketClient.run(WebSocketClient.java:229) [Java-WebSocket-1.3.4.jar:na]
	at java.lang.Thread.run(Thread.java:662) [na:1.6.0_43]
