D:\workspace\VC\RE\WinProcess\WinProcess\x64\Release\cl.command.1.tlog
D:\workspace\VC\RE\WinProcess\WinProcess\x64\Release\CL.read.1.tlog
D:\workspace\VC\RE\WinProcess\WinProcess\x64\Release\CL.write.1.tlog
D:\workspace\VC\RE\WinProcess\WinProcess\x64\Release\link.command.1.tlog
D:\workspace\VC\RE\WinProcess\WinProcess\x64\Release\link.read.1.tlog
D:\workspace\VC\RE\WinProcess\WinProcess\x64\Release\link.write.1.tlog
D:\workspace\VC\RE\WinProcess\WinProcess\x64\Release\link-cvtres.read.1.tlog
D:\workspace\VC\RE\WinProcess\WinProcess\x64\Release\link-cvtres.write.1.tlog
D:\workspace\VC\RE\WinProcess\WinProcess\x64\Release\mt.command.1.tlog
D:\workspace\VC\RE\WinProcess\WinProcess\x64\Release\mt.read.1.tlog
D:\workspace\VC\RE\WinProcess\WinProcess\x64\Release\mt.write.1.tlog
D:\WORKSPACE\VC\RE\WINPROCESS\WINPROCESS\X64\RELEASE\PROCESSMODULEDLG.OBJ
D:\workspace\VC\RE\WinProcess\WinProcess\x64\Release\rc.command.1.tlog
D:\workspace\VC\RE\WinProcess\WinProcess\x64\Release\rc.read.1.tlog
D:\workspace\VC\RE\WinProcess\WinProcess\x64\Release\rc.write.1.tlog
D:\WORKSPACE\VC\RE\WINPROCESS\WINPROCESS\X64\RELEASE\STDAFX.OBJ
D:\WORKSPACE\VC\RE\WINPROCESS\WINPROCESS\X64\RELEASE\SYSTEMPROCESSMGR.OBJ
D:\WORKSPACE\VC\RE\WINPROCESS\WINPROCESS\X64\RELEASE\VC100.PDB
D:\WORKSPACE\VC\RE\WINPROCESS\WINPROCESS\X64\RELEASE\WINPROCESS.EXE.INTERMEDIATE.MANIFEST
D:\WORKSPACE\VC\RE\WINPROCESS\WINPROCESS\X64\RELEASE\WINPROCESS.OBJ
D:\WORKSPACE\VC\RE\WINPROCESS\WINPROCESS\X64\RELEASE\WINPROCESS.PCH
D:\WORKSPACE\VC\RE\WINPROCESS\WINPROCESS\X64\RELEASE\WINPROCESS.RES
D:\WORKSPACE\VC\RE\WINPROCESS\WINPROCESS\X64\RELEASE\WINPROCESSDLG.OBJ
D:\WORKSPACE\VC\RE\WINPROCESS\X64\RELEASE\WINPROCESS.EXE
D:\WORKSPACE\VC\RE\WINPROCESS\X64\RELEASE\WINPROCESS.PDB
