D:\workspace\VC\RE\WinProcess\WinProcess\x64\Debug\cl.command.1.tlog
D:\workspace\VC\RE\WinProcess\WinProcess\x64\Debug\CL.read.1.tlog
D:\workspace\VC\RE\WinProcess\WinProcess\x64\Debug\CL.write.1.tlog
D:\workspace\VC\RE\WinProcess\WinProcess\x64\Debug\link.command.1.tlog
D:\workspace\VC\RE\WinProcess\WinProcess\x64\Debug\link.read.1.tlog
D:\workspace\VC\RE\WinProcess\WinProcess\x64\Debug\link.write.1.tlog
D:\workspace\VC\RE\WinProcess\WinProcess\x64\Debug\link-cvtres.read.1.tlog
D:\workspace\VC\RE\WinProcess\WinProcess\x64\Debug\link-cvtres.write.1.tlog
D:\workspace\VC\RE\WinProcess\WinProcess\x64\Debug\mt.command.1.tlog
D:\workspace\VC\RE\WinProcess\WinProcess\x64\Debug\mt.read.1.tlog
D:\workspace\VC\RE\WinProcess\WinProcess\x64\Debug\mt.write.1.tlog
D:\WORKSPACE\VC\RE\WINPROCESS\WINPROCESS\X64\DEBUG\PROCESSMODULEDLG.OBJ
D:\workspace\VC\RE\WinProcess\WinProcess\x64\Debug\rc.command.1.tlog
D:\workspace\VC\RE\WinProcess\WinProcess\x64\Debug\rc.read.1.tlog
D:\workspace\VC\RE\WinProcess\WinProcess\x64\Debug\rc.write.1.tlog
D:\WORKSPACE\VC\RE\WINPROCESS\WINPROCESS\X64\DEBUG\STDAFX.OBJ
D:\WORKSPACE\VC\RE\WINPROCESS\WINPROCESS\X64\DEBUG\SYSTEMPROCESSMGR.OBJ
D:\workspace\VC\RE\WinProcess\WinProcess\x64\Debug\vc100.idb
D:\WORKSPACE\VC\RE\WINPROCESS\WINPROCESS\X64\DEBUG\VC100.PDB
D:\WORKSPACE\VC\RE\WINPROCESS\WINPROCESS\X64\DEBUG\WINPROCESS.EXE.EMBED.MANIFEST
D:\WORKSPACE\VC\RE\WINPROCESS\WINPROCESS\X64\DEBUG\WINPROCESS.EXE.EMBED.MANIFEST.RES
D:\WORKSPACE\VC\RE\WINPROCESS\WINPROCESS\X64\DEBUG\WINPROCESS.EXE.INTERMEDIATE.MANIFEST
D:\WORKSPACE\VC\RE\WINPROCESS\WINPROCESS\X64\DEBUG\WINPROCESS.OBJ
D:\WORKSPACE\VC\RE\WINPROCESS\WINPROCESS\X64\DEBUG\WINPROCESS.PCH
D:\WORKSPACE\VC\RE\WINPROCESS\WINPROCESS\X64\DEBUG\WINPROCESS.RES
D:\workspace\VC\RE\WinProcess\WinProcess\x64\Debug\WinProcess_manifest.rc
D:\WORKSPACE\VC\RE\WINPROCESS\WINPROCESS\X64\DEBUG\WINPROCESSDLG.OBJ
D:\WORKSPACE\VC\RE\WINPROCESS\X64\DEBUG\WINPROCESS.EXE
D:\WORKSPACE\VC\RE\WINPROCESS\X64\DEBUG\WINPROCESS.ILK
D:\WORKSPACE\VC\RE\WINPROCESS\X64\DEBUG\WINPROCESS.PDB
