D:\workspace\VC\RE\SimpleDLL\SimpleDLL\x64\Debug\cl.command.1.tlog
D:\workspace\VC\RE\SimpleDLL\SimpleDLL\x64\Debug\CL.read.1.tlog
D:\workspace\VC\RE\SimpleDLL\SimpleDLL\x64\Debug\CL.write.1.tlog
D:\workspace\VC\RE\SimpleDLL\SimpleDLL\x64\Debug\link.8744.read.1.tlog
D:\workspace\VC\RE\SimpleDLL\SimpleDLL\x64\Debug\link.8744.write.1.tlog
D:\workspace\VC\RE\SimpleDLL\SimpleDLL\x64\Debug\link.8744-cvtres.read.1.tlog
D:\workspace\VC\RE\SimpleDLL\SimpleDLL\x64\Debug\link.8744-cvtres.write.1.tlog
D:\workspace\VC\RE\SimpleDLL\SimpleDLL\x64\Debug\link.command.1.tlog
D:\workspace\VC\RE\SimpleDLL\SimpleDLL\x64\Debug\link.read.1.tlog
D:\workspace\VC\RE\SimpleDLL\SimpleDLL\x64\Debug\link.write.1.tlog
D:\workspace\VC\RE\SimpleDLL\SimpleDLL\x64\Debug\link-cvtres.read.1.tlog
D:\workspace\VC\RE\SimpleDLL\SimpleDLL\x64\Debug\link-cvtres.write.1.tlog
D:\workspace\VC\RE\SimpleDLL\SimpleDLL\x64\Debug\mt.command.1.tlog
D:\workspace\VC\RE\SimpleDLL\SimpleDLL\x64\Debug\mt.read.1.tlog
D:\workspace\VC\RE\SimpleDLL\SimpleDLL\x64\Debug\mt.write.1.tlog
D:\workspace\VC\RE\SimpleDLL\SimpleDLL\x64\Debug\rc.command.1.tlog
D:\workspace\VC\RE\SimpleDLL\SimpleDLL\x64\Debug\rc.read.1.tlog
D:\workspace\VC\RE\SimpleDLL\SimpleDLL\x64\Debug\rc.write.1.tlog
D:\WORKSPACE\VC\RE\SIMPLEDLL\SIMPLEDLL\X64\DEBUG\SIMPLEDLL.DLL.EMBED.MANIFEST
D:\WORKSPACE\VC\RE\SIMPLEDLL\SIMPLEDLL\X64\DEBUG\SIMPLEDLL.DLL.EMBED.MANIFEST.RES
D:\WORKSPACE\VC\RE\SIMPLEDLL\SIMPLEDLL\X64\DEBUG\SIMPLEDLL.DLL.INTERMEDIATE.MANIFEST
D:\WORKSPACE\VC\RE\SIMPLEDLL\SIMPLEDLL\X64\DEBUG\SIMPLEDLL.OBJ
D:\workspace\VC\RE\SimpleDLL\SimpleDLL\x64\Debug\SimpleDLL.write.1.tlog
D:\workspace\VC\RE\SimpleDLL\SimpleDLL\x64\Debug\SimpleDLL_manifest.rc
D:\WORKSPACE\VC\RE\SIMPLEDLL\SIMPLEDLL\X64\DEBUG\TIME_UTILS.OBJ
D:\workspace\VC\RE\SimpleDLL\SimpleDLL\x64\Debug\vc100.idb
D:\WORKSPACE\VC\RE\SIMPLEDLL\SIMPLEDLL\X64\DEBUG\VC100.PDB
D:\WORKSPACE\VC\RE\SIMPLEDLL\X64\DEBUG\SIMPLEDLL.DLL
D:\workspace\VC\RE\SimpleDLL\x64\Debug\SimpleDLL.exp
D:\WORKSPACE\VC\RE\SIMPLEDLL\X64\DEBUG\SIMPLEDLL.ILK
D:\workspace\VC\RE\SimpleDLL\x64\Debug\SimpleDLL.lib
D:\WORKSPACE\VC\RE\SIMPLEDLL\X64\DEBUG\SIMPLEDLL.PDB
