[2018-01-29 16:44:24 571] [ERROR] [AWT-EventQueue-0] [FileUtils:376] - 读取文件失败: 
java.io.FileNotFoundException: File '.\data\cookie-mini.dat' does not exist
	at org.apache.commons.io.FileUtils.openInputStream(FileUtils.java:299) ~[commons-io-2.4.jar:2.4]
	at org.apache.commons.io.FileUtils.readFileToString(FileUtils.java:1711) ~[commons-io-2.4.jar:2.4]
	at org.apache.commons.io.FileUtils.readFileToString(FileUtils.java:1734) ~[commons-io-2.4.jar:2.4]
	at exp.libs.utils.io.FileUtils.read(FileUtils.java:374) [classes/:na]
	at exp.libs.utils.io.FileUtils.read(FileUtils.java:359) [classes/:na]
	at exp.bilibili.plugin.cache.StormScanner.<init>(StormScanner.java:78) [classes/:na]
	at exp.bilibili.plugin.cache.StormScanner.getInstn(StormScanner.java:89) [classes/:na]
	at exp.bilibili.plugin.core.front.AppUI.beforeExit(AppUI.java:867) [classes/:na]
	at exp.libs.warp.ui.cpt.win._SwingWindow.toExit(_SwingWindow.java:302) [classes/:na]
	at exp.libs.warp.ui.cpt.win._SwingWindow.access$000(_SwingWindow.java:35) [classes/:na]
	at exp.libs.warp.ui.cpt.win._SwingWindow$1.windowClosing(_SwingWindow.java:230) [classes/:na]
	at java.awt.AWTEventMulticaster.windowClosing(AWTEventMulticaster.java:350) [na:1.7.0_72]
	at java.awt.Window.processWindowEvent(Window.java:2051) [na:1.7.0_72]
	at javax.swing.JFrame.processWindowEvent(JFrame.java:296) [na:1.7.0_72]
	at java.awt.Window.processEvent(Window.java:2009) [na:1.7.0_72]
	at java.awt.Component.dispatchEventImpl(Component.java:4872) [na:1.7.0_72]
	at java.awt.Container.dispatchEventImpl(Container.java:2287) [na:1.7.0_72]
	at java.awt.Window.dispatchEventImpl(Window.java:2719) [na:1.7.0_72]
	at java.awt.Component.dispatchEvent(Component.java:4698) [na:1.7.0_72]
	at org.jb2011.lnf.beautyeye.ch1_titlepane.BETitlePane.close(BETitlePane.java:512) [beauty-eye-3.7.jar:na]
	at org.jb2011.lnf.beautyeye.ch1_titlepane.BETitlePane.access$0(BETitlePane.java:506) [beauty-eye-3.7.jar:na]
	at org.jb2011.lnf.beautyeye.ch1_titlepane.BETitlePane$CloseAction.actionPerformed(BETitlePane.java:1096) [beauty-eye-3.7.jar:na]
	at javax.swing.AbstractButton.fireActionPerformed(AbstractButton.java:2018) [na:1.7.0_72]
	at javax.swing.AbstractButton$Handler.actionPerformed(AbstractButton.java:2341) [na:1.7.0_72]
	at javax.swing.DefaultButtonModel.fireActionPerformed(DefaultButtonModel.java:402) [na:1.7.0_72]
	at javax.swing.DefaultButtonModel.setPressed(DefaultButtonModel.java:259) [na:1.7.0_72]
	at javax.swing.plaf.basic.BasicButtonListener.mouseReleased(BasicButtonListener.java:252) [na:1.7.0_72]
	at java.awt.AWTEventMulticaster.mouseReleased(AWTEventMulticaster.java:289) [na:1.7.0_72]
	at java.awt.Component.processMouseEvent(Component.java:6516) [na:1.7.0_72]
	at javax.swing.JComponent.processMouseEvent(JComponent.java:3320) [na:1.7.0_72]
	at java.awt.Component.processEvent(Component.java:6281) [na:1.7.0_72]
	at java.awt.Container.processEvent(Container.java:2229) [na:1.7.0_72]
	at java.awt.Component.dispatchEventImpl(Component.java:4872) [na:1.7.0_72]
	at java.awt.Container.dispatchEventImpl(Container.java:2287) [na:1.7.0_72]
	at java.awt.Component.dispatchEvent(Component.java:4698) [na:1.7.0_72]
	at java.awt.LightweightDispatcher.retargetMouseEvent(Container.java:4832) [na:1.7.0_72]
	at java.awt.LightweightDispatcher.processMouseEvent(Container.java:4492) [na:1.7.0_72]
	at java.awt.LightweightDispatcher.dispatchEvent(Container.java:4422) [na:1.7.0_72]
	at java.awt.Container.dispatchEventImpl(Container.java:2273) [na:1.7.0_72]
	at java.awt.Window.dispatchEventImpl(Window.java:2719) [na:1.7.0_72]
	at java.awt.Component.dispatchEvent(Component.java:4698) [na:1.7.0_72]
	at java.awt.EventQueue.dispatchEventImpl(EventQueue.java:735) [na:1.7.0_72]
	at java.awt.EventQueue.access$200(EventQueue.java:103) [na:1.7.0_72]
	at java.awt.EventQueue$3.run(EventQueue.java:694) [na:1.7.0_72]
	at java.awt.EventQueue$3.run(EventQueue.java:692) [na:1.7.0_72]
	at java.security.AccessController.doPrivileged(Native Method) [na:1.7.0_72]
	at java.security.ProtectionDomain$1.doIntersectionPrivilege(ProtectionDomain.java:76) [na:1.7.0_72]
	at java.security.ProtectionDomain$1.doIntersectionPrivilege(ProtectionDomain.java:87) [na:1.7.0_72]
	at java.awt.EventQueue$4.run(EventQueue.java:708) [na:1.7.0_72]
	at java.awt.EventQueue$4.run(EventQueue.java:706) [na:1.7.0_72]
	at java.security.AccessController.doPrivileged(Native Method) [na:1.7.0_72]
	at java.security.ProtectionDomain$1.doIntersectionPrivilege(ProtectionDomain.java:76) [na:1.7.0_72]
	at java.awt.EventQueue.dispatchEvent(EventQueue.java:705) [na:1.7.0_72]
	at java.awt.EventDispatchThread.pumpOneEventForFilters(EventDispatchThread.java:242) [na:1.7.0_72]
	at java.awt.EventDispatchThread.pumpEventsForFilter(EventDispatchThread.java:161) [na:1.7.0_72]
	at java.awt.EventDispatchThread.pumpEventsForHierarchy(EventDispatchThread.java:150) [na:1.7.0_72]
	at java.awt.EventDispatchThread.pumpEvents(EventDispatchThread.java:146) [na:1.7.0_72]
	at java.awt.EventDispatchThread.pumpEvents(EventDispatchThread.java:138) [na:1.7.0_72]
	at java.awt.EventDispatchThread.run(EventDispatchThread.java:91) [na:1.7.0_72]
