D:\WORKSPACE\VC\POJ\POJ3239-SOLUTION TO THE N QUEENS PUZZLE\DEBUG\POJ3239-SOLUTION TO THE N QUEENS PUZZLE.EXE
D:\WORKSPACE\VC\POJ\POJ3239-SOLUTION TO THE N QUEENS PUZZLE\DEBUG\POJ3239-SOLUTION TO THE N QUEENS PUZZLE.ILK
D:\WORKSPACE\VC\POJ\POJ3239-SOLUTION TO THE N QUEENS PUZZLE\DEBUG\POJ3239-SOLUTION TO THE N QUEENS PUZZLE.PDB
D:\workspace\VC\POJ\POJ3239-Solution to the n Queens Puzzle\POJ3239-Solution to the n Queens Puzzle\Debug\cl.command.1.tlog
D:\workspace\VC\POJ\POJ3239-Solution to the n Queens Puzzle\POJ3239-Solution to the n Queens Puzzle\Debug\CL.read.1.tlog
D:\workspace\VC\POJ\POJ3239-Solution to the n Queens Puzzle\POJ3239-Solution to the n Queens Puzzle\Debug\CL.write.1.tlog
D:\WORKSPACE\VC\POJ\POJ3239-SOLUTION TO THE N QUEENS PUZZLE\POJ3239-SOLUTION TO THE N QUEENS PUZZLE\DEBUG\EQ.OBJ
D:\WORKSPACE\VC\POJ\POJ3239-SOLUTION TO THE N QUEENS PUZZLE\POJ3239-SOLUTION TO THE N QUEENS PUZZLE\DEBUG\EQUEUE.OBJ
D:\workspace\VC\POJ\POJ3239-Solution to the n Queens Puzzle\POJ3239-Solution to the n Queens Puzzle\Debug\link.7676.read.1.tlog
D:\workspace\VC\POJ\POJ3239-Solution to the n Queens Puzzle\POJ3239-Solution to the n Queens Puzzle\Debug\link.7676.write.1.tlog
D:\workspace\VC\POJ\POJ3239-Solution to the n Queens Puzzle\POJ3239-Solution to the n Queens Puzzle\Debug\link.7676-cvtres.read.1.tlog
D:\workspace\VC\POJ\POJ3239-Solution to the n Queens Puzzle\POJ3239-Solution to the n Queens Puzzle\Debug\link.7676-cvtres.write.1.tlog
D:\workspace\VC\POJ\POJ3239-Solution to the n Queens Puzzle\POJ3239-Solution to the n Queens Puzzle\Debug\link.command.1.tlog
D:\workspace\VC\POJ\POJ3239-Solution to the n Queens Puzzle\POJ3239-Solution to the n Queens Puzzle\Debug\link.read.1.tlog
D:\workspace\VC\POJ\POJ3239-Solution to the n Queens Puzzle\POJ3239-Solution to the n Queens Puzzle\Debug\link.write.1.tlog
D:\workspace\VC\POJ\POJ3239-Solution to the n Queens Puzzle\POJ3239-Solution to the n Queens Puzzle\Debug\link-cvtres.read.1.tlog
D:\workspace\VC\POJ\POJ3239-Solution to the n Queens Puzzle\POJ3239-Solution to the n Queens Puzzle\Debug\link-cvtres.write.1.tlog
D:\workspace\VC\POJ\POJ3239-Solution to the n Queens Puzzle\POJ3239-Solution to the n Queens Puzzle\Debug\mt.command.1.tlog
D:\workspace\VC\POJ\POJ3239-Solution to the n Queens Puzzle\POJ3239-Solution to the n Queens Puzzle\Debug\mt.read.1.tlog
D:\workspace\VC\POJ\POJ3239-Solution to the n Queens Puzzle\POJ3239-Solution to the n Queens Puzzle\Debug\mt.write.1.tlog
D:\WORKSPACE\VC\POJ\POJ3239-SOLUTION TO THE N QUEENS PUZZLE\POJ3239-SOLUTION TO THE N QUEENS PUZZLE\DEBUG\POJ3239-SOLUTION TO THE N QUEENS PUZZLE.EXE.EMBED.MANIFEST
D:\WORKSPACE\VC\POJ\POJ3239-SOLUTION TO THE N QUEENS PUZZLE\POJ3239-SOLUTION TO THE N QUEENS PUZZLE\DEBUG\POJ3239-SOLUTION TO THE N QUEENS PUZZLE.EXE.EMBED.MANIFEST.RES
D:\WORKSPACE\VC\POJ\POJ3239-SOLUTION TO THE N QUEENS PUZZLE\POJ3239-SOLUTION TO THE N QUEENS PUZZLE\DEBUG\POJ3239-SOLUTION TO THE N QUEENS PUZZLE.EXE.INTERMEDIATE.MANIFEST
D:\WORKSPACE\VC\POJ\POJ3239-SOLUTION TO THE N QUEENS PUZZLE\POJ3239-SOLUTION TO THE N QUEENS PUZZLE\DEBUG\POJ3239-SOLUTION TO THE N QUEENS PUZZLE.OBJ
D:\workspace\VC\POJ\POJ3239-Solution to the n Queens Puzzle\POJ3239-Solution to the n Queens Puzzle\Debug\POJ3239-Solution to the n Queens Puzzle_manifest.rc
D:\workspace\VC\POJ\POJ3239-Solution to the n Queens Puzzle\POJ3239-Solution to the n Queens Puzzle\Debug\rc.command.1.tlog
D:\workspace\VC\POJ\POJ3239-Solution to the n Queens Puzzle\POJ3239-Solution to the n Queens Puzzle\Debug\rc.read.1.tlog
D:\workspace\VC\POJ\POJ3239-Solution to the n Queens Puzzle\POJ3239-Solution to the n Queens Puzzle\Debug\rc.write.1.tlog
D:\workspace\VC\POJ\POJ3239-Solution to the n Queens Puzzle\POJ3239-Solution to the n Queens Puzzle\Debug\vc100.idb
D:\WORKSPACE\VC\POJ\POJ3239-SOLUTION TO THE N QUEENS PUZZLE\POJ3239-SOLUTION TO THE N QUEENS PUZZLE\DEBUG\VC100.PDB
