D:\WORKSPACE\VC\RE\ASM2010\ASM2010\X64\DEBUG\ASM2010.EXE.EMBED.MANIFEST
D:\WORKSPACE\VC\RE\ASM2010\ASM2010\X64\DEBUG\ASM2010.EXE.EMBED.MANIFEST.RES
D:\WORKSPACE\VC\RE\ASM2010\ASM2010\X64\DEBUG\ASM2010.EXE.INTERMEDIATE.MANIFEST
D:\workspace\VC\RE\ASM2010\ASM2010\x64\Debug\ASM2010.write.1.tlog
D:\workspace\VC\RE\ASM2010\ASM2010\x64\Debug\ASM2010_manifest.rc
D:\workspace\VC\RE\ASM2010\ASM2010\x64\Debug\cl.command.1.tlog
D:\workspace\VC\RE\ASM2010\ASM2010\x64\Debug\CL.read.1.tlog
D:\workspace\VC\RE\ASM2010\ASM2010\x64\Debug\CL.write.1.tlog
D:\workspace\VC\RE\ASM2010\ASM2010\x64\Debug\custombuild.command.1.tlog
D:\workspace\VC\RE\ASM2010\ASM2010\x64\Debug\custombuild.read.1.tlog
D:\workspace\VC\RE\ASM2010\ASM2010\x64\Debug\custombuild.write.1.tlog
D:\WORKSPACE\VC\RE\ASM2010\ASM2010\X64\DEBUG\FUN.OBJ
D:\workspace\VC\RE\ASM2010\ASM2010\x64\Debug\link.9024.read.1.tlog
D:\workspace\VC\RE\ASM2010\ASM2010\x64\Debug\link.9024.write.1.tlog
D:\workspace\VC\RE\ASM2010\ASM2010\x64\Debug\link.9024-cvtres.read.1.tlog
D:\workspace\VC\RE\ASM2010\ASM2010\x64\Debug\link.9024-cvtres.write.1.tlog
D:\workspace\VC\RE\ASM2010\ASM2010\x64\Debug\link.command.1.tlog
D:\workspace\VC\RE\ASM2010\ASM2010\x64\Debug\link.read.1.tlog
D:\workspace\VC\RE\ASM2010\ASM2010\x64\Debug\link.write.1.tlog
D:\workspace\VC\RE\ASM2010\ASM2010\x64\Debug\link-cvtres.read.1.tlog
D:\workspace\VC\RE\ASM2010\ASM2010\x64\Debug\link-cvtres.write.1.tlog
D:\WORKSPACE\VC\RE\ASM2010\ASM2010\X64\DEBUG\MAIN.OBJ
D:\workspace\VC\RE\ASM2010\ASM2010\x64\Debug\mt.command.1.tlog
D:\workspace\VC\RE\ASM2010\ASM2010\x64\Debug\mt.read.1.tlog
D:\workspace\VC\RE\ASM2010\ASM2010\x64\Debug\mt.write.1.tlog
D:\workspace\VC\RE\ASM2010\ASM2010\x64\Debug\rc.command.1.tlog
D:\workspace\VC\RE\ASM2010\ASM2010\x64\Debug\rc.read.1.tlog
D:\workspace\VC\RE\ASM2010\ASM2010\x64\Debug\rc.write.1.tlog
D:\workspace\VC\RE\ASM2010\ASM2010\x64\Debug\vc100.idb
D:\WORKSPACE\VC\RE\ASM2010\ASM2010\X64\DEBUG\VC100.PDB
D:\WORKSPACE\VC\RE\ASM2010\X64\DEBUG\ASM2010.EXE
D:\WORKSPACE\VC\RE\ASM2010\X64\DEBUG\ASM2010.ILK
D:\WORKSPACE\VC\RE\ASM2010\X64\DEBUG\ASM2010.PDB
