生成启动时间为 2017-10-11 15:41:38。
     1>项目“D:\workspace\VC\RE\ASM2010\ASM2010\ASM2010.vcxproj”在节点 2 上(rebuild 个目标)。
     1>_PrepareForClean:
         正在删除文件“x64\Debug\ASM2010.lastbuildstate”。
       InitializeBuildStatus:
         正在创建“x64\Debug\ASM2010.unsuccessfulbuild”，因为已指定“AlwaysCreate”。
       CustomBuild:
         Performing Custom Build Tools
          Assembling: fun.asm
         Microsoft (R) Macro Assembler (x64) Version 10.00.30319.01
         Copyright (C) Microsoft Corporation.  All rights reserved.
         
       ClCompile:
         E:\07_reverse-engineering\VS2010\VC\bin\x86_amd64\CL.exe /c /Zi /nologo /W3 /WX- /Od /D WIN32 /D _DEBUG /D _CONSOLE /D _UNICODE /D UNICODE /Gm /EHsc /RTC1 /MDd /GS /fp:precise /Zc:wchar_t /Zc:forScope /Fo"x64\Debug\\" /Fd"x64\Debug\vc100.pdb" /Gd /TP /errorReport:prompt Main.cpp
         Main.cpp
       ManifestResourceCompile:
         C:\Program Files (x86)\Microsoft SDKs\Windows\v7.0A\bin\rc.exe /nologo /fo"x64\Debug\ASM2010.exe.embed.manifest.res" x64\Debug\ASM2010_manifest.rc 
       Link:
         E:\07_reverse-engineering\VS2010\VC\bin\x86_amd64\link.exe /ERRORREPORT:PROMPT /OUT:"D:\workspace\VC\RE\ASM2010\x64\Debug\ASM2010.exe" /INCREMENTAL /NOLOGO kernel32.lib user32.lib gdi32.lib winspool.lib comdlg32.lib advapi32.lib shell32.lib ole32.lib oleaut32.lib uuid.lib odbc32.lib odbccp32.lib /MANIFEST /ManifestFile:"x64\Debug\ASM2010.exe.intermediate.manifest" /MANIFESTUAC:"level='asInvoker' uiAccess='false'" /DEBUG /PDB:"D:\workspace\VC\RE\ASM2010\x64\Debug\ASM2010.pdb" /SUBSYSTEM:CONSOLE /TLBID:1 /DYNAMICBASE /NXCOMPAT /IMPLIB:"D:\workspace\VC\RE\ASM2010\x64\Debug\ASM2010.lib" /MACHINE:X64 x64\Debug\fun.obj
         x64\Debug\ASM2010.exe.embed.manifest.res
         x64\Debug\Main.obj
         ASM2010.vcxproj -> D:\workspace\VC\RE\ASM2010\x64\Debug\ASM2010.exe
       Manifest:
         正在删除文件“x64\Debug\ASM2010.exe.embed.manifest”。
         C:\Program Files (x86)\Microsoft SDKs\Windows\v7.0A\bin\mt.exe /nologo /verbose /out:"x64\Debug\ASM2010.exe.embed.manifest" /manifest x64\Debug\ASM2010.exe.intermediate.manifest
         C:\Program Files (x86)\Microsoft SDKs\Windows\v7.0A\bin\rc.exe /nologo /fo"x64\Debug\ASM2010.exe.embed.manifest.res" x64\Debug\ASM2010_manifest.rc 
       LinkEmbedManifest:
         E:\07_reverse-engineering\VS2010\VC\bin\x86_amd64\link.exe /ERRORREPORT:PROMPT /OUT:"D:\workspace\VC\RE\ASM2010\x64\Debug\ASM2010.exe" /INCREMENTAL /NOLOGO kernel32.lib user32.lib gdi32.lib winspool.lib comdlg32.lib advapi32.lib shell32.lib ole32.lib oleaut32.lib uuid.lib odbc32.lib odbccp32.lib /MANIFEST /ManifestFile:"x64\Debug\ASM2010.exe.intermediate.manifest" /MANIFESTUAC:"level='asInvoker' uiAccess='false'" /DEBUG /PDB:"D:\workspace\VC\RE\ASM2010\x64\Debug\ASM2010.pdb" /SUBSYSTEM:CONSOLE /TLBID:1 /DYNAMICBASE /NXCOMPAT /IMPLIB:"D:\workspace\VC\RE\ASM2010\x64\Debug\ASM2010.lib" /MACHINE:X64 x64\Debug\fun.obj
         x64\Debug\ASM2010.exe.embed.manifest.res
         x64\Debug\Main.obj
         ASM2010.vcxproj -> D:\workspace\VC\RE\ASM2010\x64\Debug\ASM2010.exe
       FinalizeBuildStatus:
         正在删除文件“x64\Debug\ASM2010.unsuccessfulbuild”。
         正在对“x64\Debug\ASM2010.lastbuildstate”执行 Touch 任务。
     1>已完成生成项目“D:\workspace\VC\RE\ASM2010\ASM2010\ASM2010.vcxproj”(rebuild 个目标)的操作。

生成成功。

已用时间 00:00:04.58
