生成启动时间为 2018-07-24 20:40:38。
     1>项目“D:\01_workspace\c\vs2010\dt_otp\dt_otp\dt_otp.vcxproj”在节点 2 上(rebuild 个目标)。
     1>PrepareForBuild:
         正在创建目录“D:\01_workspace\c\vs2010\dt_otp\x64\Debug\”。
       InitializeBuildStatus:
         正在创建“x64\Debug\dt_otp.unsuccessfulbuild”，因为已指定“AlwaysCreate”。
       ClCompile:
         E:\04_work\vs\2010\VC\bin\x86_amd64\CL.exe /c /Zi /nologo /W3 /WX- /Od /D WIN32 /D _DEBUG /D _WINDOWS /D _USRDLL /D DT_OTP_EXPORTS /D _WINDLL /D _UNICODE /D UNICODE /Gm /EHsc /RTC1 /MTd /GS /fp:precise /Zc:wchar_t /Zc:forScope /Yc"StdAfx.h" /Fp"x64\Debug\dt_otp.pch" /Fo"x64\Debug\\" /Fd"x64\Debug\vc100.pdb" /Gd /TP /errorReport:prompt stdafx.cpp
         stdafx.cpp
         E:\04_work\vs\2010\VC\bin\x86_amd64\CL.exe /c /Zi /nologo /W3 /WX- /Od /D WIN32 /D _DEBUG /D _WINDOWS /D _USRDLL /D DT_OTP_EXPORTS /D _WINDLL /D _UNICODE /D UNICODE /Gm /EHsc /RTC1 /MTd /GS /fp:precise /Zc:wchar_t /Zc:forScope /Fo"x64\Debug\\" /Fd"x64\Debug\vc100.pdb" /Gd /TP /errorReport:prompt dllmain.cpp
         dllmain.cpp
         E:\04_work\vs\2010\VC\bin\x86_amd64\CL.exe /c /Zi /nologo /W3 /WX- /Od /D WIN32 /D _DEBUG /D _WINDOWS /D _USRDLL /D DT_OTP_EXPORTS /D _WINDLL /D _UNICODE /D UNICODE /Gm /EHsc /RTC1 /MTd /GS /fp:precise /Zc:wchar_t /Zc:forScope /Yu"StdAfx.h" /Fp"x64\Debug\dt_otp.pch" /Fo"x64\Debug\\" /Fd"x64\Debug\vc100.pdb" /Gd /TP /errorReport:prompt dt_otp.cpp otp_impl.cpp crypto_utils.cpp jni_utils.cpp num_utils.cpp str_utils.cpp time_utils.cpp digital_watermark.cpp md5.cpp
         md5.cpp
         digital_watermark.cpp
         time_utils.cpp
         str_utils.cpp
         num_utils.cpp
         jni_utils.cpp
         crypto_utils.cpp
         otp_impl.cpp
         dt_otp.cpp
         Generating Code...
       ManifestResourceCompile:
         C:\Program Files (x86)\Microsoft SDKs\Windows\v7.0A\bin\rc.exe /nologo /fo"x64\Debug\dt_otp.dll.embed.manifest.res" x64\Debug\dt_otp_manifest.rc 
       Link:
         E:\04_work\vs\2010\VC\bin\x86_amd64\link.exe /ERRORREPORT:PROMPT /OUT:"D:\01_workspace\c\vs2010\dt_otp\x64\Debug\dt_otp.dll" /INCREMENTAL /NOLOGO kernel32.lib user32.lib gdi32.lib winspool.lib comdlg32.lib advapi32.lib shell32.lib ole32.lib oleaut32.lib uuid.lib odbc32.lib odbccp32.lib /MANIFEST /ManifestFile:"x64\Debug\dt_otp.dll.intermediate.manifest" /MANIFESTUAC:"level='asInvoker' uiAccess='false'" /DEBUG /PDB:"D:\01_workspace\c\vs2010\dt_otp\x64\Debug\dt_otp.pdb" /SUBSYSTEM:WINDOWS /TLBID:1 /DYNAMICBASE /NXCOMPAT /IMPLIB:"D:\01_workspace\c\vs2010\dt_otp\x64\Debug\dt_otp.lib" /MACHINE:X64 /DLL x64\Debug\dt_otp.dll.embed.manifest.res
         x64\Debug\dllmain.obj
         x64\Debug\dt_otp.obj
         x64\Debug\otp_impl.obj
         x64\Debug\crypto_utils.obj
         x64\Debug\jni_utils.obj
         x64\Debug\num_utils.obj
         x64\Debug\str_utils.obj
         x64\Debug\time_utils.obj
         x64\Debug\stdafx.obj
         x64\Debug\digital_watermark.obj
         x64\Debug\md5.obj
            正在创建库 D:\01_workspace\c\vs2010\dt_otp\x64\Debug\dt_otp.lib 和对象 D:\01_workspace\c\vs2010\dt_otp\x64\Debug\dt_otp.exp
         dt_otp.vcxproj -> D:\01_workspace\c\vs2010\dt_otp\x64\Debug\dt_otp.dll
       Manifest:
         正在删除文件“x64\Debug\dt_otp.dll.embed.manifest”。
         C:\Program Files (x86)\Microsoft SDKs\Windows\v7.0A\bin\mt.exe /nologo /verbose /out:"x64\Debug\dt_otp.dll.embed.manifest" /manifest x64\Debug\dt_otp.dll.intermediate.manifest
         C:\Program Files (x86)\Microsoft SDKs\Windows\v7.0A\bin\rc.exe /nologo /fo"x64\Debug\dt_otp.dll.embed.manifest.res" x64\Debug\dt_otp_manifest.rc 
       LinkEmbedManifest:
         E:\04_work\vs\2010\VC\bin\x86_amd64\link.exe /ERRORREPORT:PROMPT /OUT:"D:\01_workspace\c\vs2010\dt_otp\x64\Debug\dt_otp.dll" /INCREMENTAL /NOLOGO kernel32.lib user32.lib gdi32.lib winspool.lib comdlg32.lib advapi32.lib shell32.lib ole32.lib oleaut32.lib uuid.lib odbc32.lib odbccp32.lib /MANIFEST /ManifestFile:"x64\Debug\dt_otp.dll.intermediate.manifest" /MANIFESTUAC:"level='asInvoker' uiAccess='false'" /DEBUG /PDB:"D:\01_workspace\c\vs2010\dt_otp\x64\Debug\dt_otp.pdb" /SUBSYSTEM:WINDOWS /TLBID:1 /DYNAMICBASE /NXCOMPAT /IMPLIB:"D:\01_workspace\c\vs2010\dt_otp\x64\Debug\dt_otp.lib" /MACHINE:X64 /DLL x64\Debug\dt_otp.dll.embed.manifest.res
         x64\Debug\dllmain.obj
         x64\Debug\dt_otp.obj
         x64\Debug\otp_impl.obj
         x64\Debug\crypto_utils.obj
         x64\Debug\jni_utils.obj
         x64\Debug\num_utils.obj
         x64\Debug\str_utils.obj
         x64\Debug\time_utils.obj
         x64\Debug\stdafx.obj
         x64\Debug\digital_watermark.obj
         x64\Debug\md5.obj
            正在创建库 D:\01_workspace\c\vs2010\dt_otp\x64\Debug\dt_otp.lib 和对象 D:\01_workspace\c\vs2010\dt_otp\x64\Debug\dt_otp.exp
         dt_otp.vcxproj -> D:\01_workspace\c\vs2010\dt_otp\x64\Debug\dt_otp.dll
       FinalizeBuildStatus:
         正在删除文件“x64\Debug\dt_otp.unsuccessfulbuild”。
         正在对“x64\Debug\dt_otp.lastbuildstate”执行 Touch 任务。
     1>已完成生成项目“D:\01_workspace\c\vs2010\dt_otp\dt_otp\dt_otp.vcxproj”(rebuild 个目标)的操作。

生成成功。

已用时间 00:00:02.82
