[2017-10-21 17:48:59 341] [INFO ] [exp.qw.utils.SinaWeiboUtils] [48]- 正在打开登陆页面: [https://passport.weibo.cn/signin/login?entry=mweibo&res=wel&wm=3349&r=http%3A%2F%2Fpad.weibo.cn%2F]
[2017-10-21 17:49:19 813] [INFO ] [exp.qw.utils.SinaWeiboUtils] [48]- 正在打开登陆页面: [https://passport.weibo.cn/signin/login?entry=mweibo&res=wel&wm=3349&r=http%3A%2F%2Fpad.weibo.cn%2F]
[2017-10-21 17:50:15 410] [INFO ] [exp.qw.utils.SinaWeiboUtils] [48]- 正在打开登陆页面: [https://passport.weibo.cn/signin/login?entry=mweibo&res=wel&wm=3349&r=http%3A%2F%2Fpad.weibo.cn%2F]
[2017-10-21 17:50:17 173] [INFO ] [exp.qw.utils.SinaWeiboUtils] [87]- 填写用户名 [play00002@126.com]
[2017-10-21 17:50:17 686] [INFO ] [exp.qw.utils.SinaWeiboUtils] [91]- 填写密码 [*********]
[2017-10-21 17:50:18 192] [INFO ] [exp.qw.utils.SinaWeiboUtils] [95]- 点击 [登陆按钮], 等待登陆...
[2017-10-21 17:50:19 571] [INFO ] [exp.qw.utils.SinaWeiboUtils] [62]- 正在保存本次登陆的Cookies...
[2017-10-21 17:50:19 588] [INFO ] [exp.qw.utils.SinaWeiboUtils] [112]- 开始爬取微博相册专辑: [http://photo.weibo.com/3064280845/albums].
[2017-10-21 17:50:19 589] [INFO ] [exp.qw.utils.SinaWeiboUtils] [169]- 开始获取专辑下所有相册地址...
[2017-10-21 17:50:20 517] [INFO ] [exp.qw.utils.SinaWeiboUtils] [180]- 正在等待页面加载相册地址...
[2017-10-21 17:50:20 737] [INFO ] [exp.qw.utils.SinaWeiboUtils] [186]- 正在获取相册地址...
[2017-10-21 17:50:20 871] [INFO ] [exp.qw.utils.SinaWeiboUtils] [196]- 相册 [头像相册] 地址: [http://photo.weibo.com/3064280845/albums/detail/album_id/3573512371651105].
[2017-10-21 17:50:20 933] [INFO ] [exp.qw.utils.SinaWeiboUtils] [196]- 相册 [微博配图] 地址: [http://photo.weibo.com/3064280845/talbum/index].
[2017-10-21 17:50:20 994] [INFO ] [exp.qw.utils.SinaWeiboUtils] [196]- 相册 [默认专辑] 地址: [http://photo.weibo.com/3064280845/albums/detail/album_id/4072955377259487].
[2017-10-21 17:50:21 023] [WARN ] [exp.qw.utils.SinaWeiboUtils] [204]-  - 相册 [默认专辑] 内无图片.
[2017-10-21 17:50:21 023] [INFO ] [exp.qw.utils.SinaWeiboUtils] [207]- 获取专辑下所有相册地址完成, 共 [3] 个相册.
[2017-10-21 17:50:21 023] [INFO ] [exp.qw.utils.SinaWeiboUtils] [141]- 开始爬取相册 [头像相册] : [http://photo.weibo.com/3064280845/albums/detail/album_id/3573512371651105].
[2017-10-21 17:50:21 024] [INFO ] [exp.qw.utils.SinaWeiboUtils] [233]- 正在扫描相册 [头像相册] 第 [1] 页中的所有图片地址...
[2017-10-21 17:50:23 864] [INFO ] [exp.qw.utils.SinaWeiboUtils] [247]- 正在等待页面加载图片地址...
[2017-10-21 17:50:24 597] [INFO ] [exp.qw.utils.SinaWeiboUtils] [263]- 扫描相册 [头像相册] 第 [1] 页中的所有图片地址完成.
[2017-10-21 17:50:24 634] [INFO ] [exp.qw.utils.SinaWeiboUtils] [266]- 正在翻到相册 [头像相册] 下一页...
[2017-10-21 17:50:34 635] [INFO ] [exp.qw.utils.SinaWeiboUtils] [233]- 正在扫描相册 [头像相册] 第 [2] 页中的所有图片地址...
[2017-10-21 17:50:37 067] [INFO ] [exp.qw.utils.SinaWeiboUtils] [247]- 正在等待页面加载图片地址...
[2017-10-21 17:50:37 308] [INFO ] [exp.qw.utils.SinaWeiboUtils] [263]- 扫描相册 [头像相册] 第 [2] 页中的所有图片地址完成.
[2017-10-21 17:50:37 932] [WARN ] [exp.qw.utils.SinaWeiboUtils] [286]- 相册 [头像相册] 已到最后一页.
[2017-10-21 17:50:40 000] [INFO ] [exp.libs.warp.net.http.HttpUtils] [258]- 下载文件 [./downloads/头像相册/1508579439878.jpg] 成功, 来源: [http://wx1.sinaimg.cn/large/b6a5370dly8fivb5pud6hj20ro0ro775.jpg]
[2017-10-21 17:50:41 555] [INFO ] [exp.libs.warp.net.http.HttpUtils] [258]- 下载文件 [./downloads/头像相册/1508579441479.jpg] 成功, 来源: [http://wx4.sinaimg.cn/large/b6a5370dly8fiaky48l9vj20ro0rowh5.jpg]
[2017-10-21 17:50:44 086] [INFO ] [exp.libs.warp.net.http.HttpUtils] [258]- 下载文件 [./downloads/头像相册/1508579443946.jpg] 成功, 来源: [http://wx2.sinaimg.cn/large/b6a5370dly8fi9jmmie2kj20ro0romzm.jpg]
[2017-10-21 17:50:45 438] [INFO ] [exp.libs.warp.net.http.HttpUtils] [258]- 下载文件 [./downloads/头像相册/1508579445282.jpg] 成功, 来源: [http://wx1.sinaimg.cn/large/b6a5370dly8fi9jm691p2j20ro0roaci.jpg]
[2017-10-21 17:50:47 220] [INFO ] [exp.libs.warp.net.http.HttpUtils] [258]- 下载文件 [./downloads/头像相册/1508579447157.jpg] 成功, 来源: [http://wx2.sinaimg.cn/large/b6a5370dly8fi9jlssvnoj20ro0rowgx.jpg]
[2017-10-21 17:50:49 411] [INFO ] [exp.libs.warp.net.http.HttpUtils] [258]- 下载文件 [./downloads/头像相册/1508579449344.jpg] 成功, 来源: [http://wx2.sinaimg.cn/large/b6a5370dly8fi9jlicd02j20ro0rodia.jpg]
[2017-10-21 17:50:50 563] [INFO ] [exp.libs.warp.net.http.HttpUtils] [258]- 下载文件 [./downloads/头像相册/1508579450509.jpg] 成功, 来源: [http://wx3.sinaimg.cn/large/b6a5370dly8fi9jl8ttqsj20ro0ro0v8.jpg]
[2017-10-21 17:50:52 386] [INFO ] [exp.libs.warp.net.http.HttpUtils] [258]- 下载文件 [./downloads/头像相册/1508579452342.jpg] 成功, 来源: [http://wx3.sinaimg.cn/large/b6a5370dly8fi9j3e9eroj20ro0rowfu.jpg]
[2017-10-21 17:50:53 319] [INFO ] [exp.libs.warp.net.http.HttpUtils] [258]- 下载文件 [./downloads/头像相册/1508579453274.jpg] 成功, 来源: [http://wx1.sinaimg.cn/large/b6a5370dly8fi9j359ux5j20ro0romys.jpg]
[2017-10-21 17:50:55 774] [INFO ] [exp.libs.warp.net.http.HttpUtils] [258]- 下载文件 [./downloads/头像相册/1508579455703.jpg] 成功, 来源: [http://wx3.sinaimg.cn/large/b6a5370dly8fi9j2qwjmvj20ro0rogn4.jpg]
[2017-10-21 17:50:57 446] [INFO ] [exp.libs.warp.net.http.HttpUtils] [258]- 下载文件 [./downloads/头像相册/1508579457193.jpg] 成功, 来源: [http://wx4.sinaimg.cn/large/b6a5370dly8fi9j1zwd0uj20ro0rojta.jpg]
[2017-10-21 17:50:59 231] [INFO ] [exp.libs.warp.net.http.HttpUtils] [258]- 下载文件 [./downloads/头像相册/1508579459167.jpg] 成功, 来源: [http://wx2.sinaimg.cn/large/b6a5370dly8fi8xzmw17yj20ro0roabv.jpg]
[2017-10-21 17:51:00 399] [INFO ] [exp.libs.warp.net.http.HttpUtils] [258]- 下载文件 [./downloads/头像相册/1508579460360.jpg] 成功, 来源: [http://wx2.sinaimg.cn/large/b6a5370dly8fi8xze0y2pj20ro0romyj.jpg]
[2017-10-21 17:51:03 068] [INFO ] [exp.libs.warp.net.http.HttpUtils] [258]- 下载文件 [./downloads/头像相册/1508579463022.jpg] 成功, 来源: [http://wx2.sinaimg.cn/large/b6a5370dly8fi1yh5guw3j20ro0ro0v4.jpg]
[2017-10-21 17:51:05 367] [INFO ] [exp.libs.warp.net.http.HttpUtils] [258]- 下载文件 [./downloads/头像相册/1508579465316.jpg] 成功, 来源: [http://wx3.sinaimg.cn/large/b6a5370dly8fh9l6e08b6j20ro0rogna.jpg]
[2017-10-21 17:51:08 305] [INFO ] [exp.libs.warp.net.http.HttpUtils] [258]- 下载文件 [./downloads/头像相册/1508579468241.jpg] 成功, 来源: [http://wx4.sinaimg.cn/large/b6a5370dly8fegvyioysvj20ro0rp0vj.jpg]
[2017-10-21 17:51:09 593] [INFO ] [exp.libs.warp.net.http.HttpUtils] [258]- 下载文件 [./downloads/头像相册/1508579469541.jpg] 成功, 来源: [http://wx4.sinaimg.cn/large/b6a5370dly8fe464ssla8j20ro0rognv.jpg]
[2017-10-21 17:51:12 292] [INFO ] [exp.libs.warp.net.http.HttpUtils] [258]- 下载文件 [./downloads/头像相册/1508579472221.jpg] 成功, 来源: [http://wx4.sinaimg.cn/large/b6a5370dly8fe464d315sj20ro0romze.jpg]
[2017-10-21 17:51:13 689] [INFO ] [exp.libs.warp.net.http.HttpUtils] [258]- 下载文件 [./downloads/头像相册/1508579473522.jpg] 成功, 来源: [http://wx1.sinaimg.cn/large/b6a5370dly8fe46458f3yj20ro0roaca.jpg]
[2017-10-21 17:51:16 870] [INFO ] [exp.libs.warp.net.http.HttpUtils] [258]- 下载文件 [./downloads/头像相册/1508579476811.jpg] 成功, 来源: [http://wx2.sinaimg.cn/large/b6a5370dly8fdzpgy3i4aj20ro0rp76v.jpg]
[2017-10-21 17:51:18 019] [INFO ] [exp.libs.warp.net.http.HttpUtils] [258]- 下载文件 [./downloads/头像相册/1508579477971.jpg] 成功, 来源: [http://wx2.sinaimg.cn/large/b6a5370dly8fdzpgqgxtpj20ro0rp770.jpg]
[2017-10-21 17:51:20 485] [INFO ] [exp.libs.warp.net.http.HttpUtils] [258]- 下载文件 [./downloads/头像相册/1508579479437.jpg] 成功, 来源: [http://ww3.sinaimg.cn/large/b6a5370djw8fdaaj5ffd2j20ro0romz6.jpg]
[2017-10-21 17:51:21 421] [INFO ] [exp.libs.warp.net.http.HttpUtils] [258]- 下载文件 [./downloads/头像相册/1508579481373.jpg] 成功, 来源: [http://ww2.sinaimg.cn/large/b6a5370djw8fcn7z4n590j20ro0rojt2.jpg]
[2017-10-21 17:51:22 613] [INFO ] [exp.libs.warp.net.http.HttpUtils] [258]- 下载文件 [./downloads/头像相册/1508579482578.jpg] 成功, 来源: [http://ww3.sinaimg.cn/large/b6a5370djw8fc7mx4ydqfj20ro0rojtb.jpg]
[2017-10-21 17:51:23 834] [INFO ] [exp.libs.warp.net.http.HttpUtils] [258]- 下载文件 [./downloads/头像相册/1508579483739.jpg] 成功, 来源: [http://ww4.sinaimg.cn/large/b6a5370djw8fbu2n1f5jpj20ro0rowgi.jpg]
[2017-10-21 17:51:25 164] [INFO ] [exp.libs.warp.net.http.HttpUtils] [258]- 下载文件 [./downloads/头像相册/1508579485127.jpg] 成功, 来源: [http://ww1.sinaimg.cn/large/b6a5370djw8fbl1gre6ryj20ro0romyj.jpg]
[2017-10-21 17:51:26 638] [INFO ] [exp.libs.warp.net.http.HttpUtils] [258]- 下载文件 [./downloads/头像相册/1508579486594.jpg] 成功, 来源: [http://ww4.sinaimg.cn/large/b6a5370djw8f75wltpat4j20ro0rp76c.jpg]
[2017-10-21 17:51:28 066] [INFO ] [exp.libs.warp.net.http.HttpUtils] [258]- 下载文件 [./downloads/头像相册/1508579488012.jpg] 成功, 来源: [http://ww4.sinaimg.cn/large/b6a5370djw8f67ybhi70ij20ro0rpdi3.jpg]
[2017-10-21 17:51:29 181] [INFO ] [exp.libs.warp.net.http.HttpUtils] [258]- 下载文件 [./downloads/头像相册/1508579489149.jpg] 成功, 来源: [http://ww1.sinaimg.cn/large/b6a5370djw8f4zuavos83j20ro0rpmxj.jpg]
[2017-10-21 17:51:30 244] [INFO ] [exp.libs.warp.net.http.HttpUtils] [258]- 下载文件 [./downloads/头像相册/1508579490198.jpg] 成功, 来源: [http://ww2.sinaimg.cn/large/b6a5370djw8f2ds75r22bj20ro0rpq57.jpg]
[2017-10-21 17:51:31 572] [INFO ] [exp.libs.warp.net.http.HttpUtils] [258]- 下载文件 [./downloads/头像相册/1508579491529.jpg] 成功, 来源: [http://ww4.sinaimg.cn/large/b6a5370djw8f24cqvwcpjj20ro0rpn06.jpg]
[2017-10-21 17:51:32 701] [INFO ] [exp.libs.warp.net.http.HttpUtils] [258]- 下载文件 [./downloads/头像相册/1508579492652.jpg] 成功, 来源: [http://ww3.sinaimg.cn/large/b6a5370djw8ezjaf0c04gj20ro0rptah.jpg]
[2017-10-21 17:51:34 015] [INFO ] [exp.libs.warp.net.http.HttpUtils] [258]- 下载文件 [./downloads/头像相册/1508579493928.jpg] 成功, 来源: [http://ww3.sinaimg.cn/large/b6a5370djw8euwt88lw0jj20k00k03zq.jpg]
[2017-10-21 17:51:35 889] [INFO ] [exp.libs.warp.net.http.HttpUtils] [258]- 下载文件 [./downloads/头像相册/1508579495742.jpg] 成功, 来源: [http://ww4.sinaimg.cn/large/b6a5370djw8esfc04l692j20k00k0wfc.jpg]
[2017-10-21 17:51:37 097] [INFO ] [exp.libs.warp.net.http.HttpUtils] [258]- 下载文件 [./downloads/头像相册/1508579497073.jpg] 成功, 来源: [http://ww3.sinaimg.cn/large/b6a5370djw8eqkst7ke4bj20k00k0aaq.jpg]
[2017-10-21 17:51:38 308] [INFO ] [exp.libs.warp.net.http.HttpUtils] [258]- 下载文件 [./downloads/头像相册/1508579498276.jpg] 成功, 来源: [http://ww1.sinaimg.cn/large/b6a5370djw8eouelzc65yj20k00k0ab1.jpg]
[2017-10-21 17:51:39 380] [INFO ] [exp.libs.warp.net.http.HttpUtils] [258]- 下载文件 [./downloads/头像相册/1508579499346.jpg] 成功, 来源: [http://ww3.sinaimg.cn/large/b6a5370djw8e53yeccsoqj20b40dvjry.jpg]
[2017-10-21 17:51:40 421] [INFO ] [exp.libs.warp.net.http.HttpUtils] [258]- 下载文件 [./downloads/头像相册/1508579500401.jpg] 成功, 来源: [http://ww2.sinaimg.cn/large/b6a5370djw8e49xc64gijj205k05k3yc.jpg]
[2017-10-21 17:51:40 421] [INFO ] [exp.qw.utils.SinaWeiboUtils] [158]- 爬取相册 [头像相册] 完成, 共爬取 [38] 张照片.
[2017-10-21 17:51:40 421] [INFO ] [exp.qw.utils.SinaWeiboUtils] [122]- 爬取相册 [头像相册] 完成, 避免反爬, 休眠30秒.
[2017-10-21 17:52:10 422] [INFO ] [exp.qw.utils.SinaWeiboUtils] [122]- 爬取相册 [默认专辑] 完成, 避免反爬, 休眠30秒.
[2017-10-21 17:52:40 422] [INFO ] [exp.qw.utils.SinaWeiboUtils] [141]- 开始爬取相册 [微博配图] : [http://photo.weibo.com/3064280845/talbum/index].
[2017-10-21 17:52:40 422] [INFO ] [exp.qw.utils.SinaWeiboUtils] [233]- 正在扫描相册 [微博配图] 第 [1] 页中的所有图片地址...
[2017-10-21 17:52:43 587] [INFO ] [exp.qw.utils.SinaWeiboUtils] [247]- 正在等待页面加载图片地址...
[2017-10-21 17:52:44 290] [INFO ] [exp.qw.utils.SinaWeiboUtils] [263]- 扫描相册 [微博配图] 第 [1] 页中的所有图片地址完成.
[2017-10-21 17:52:44 327] [INFO ] [exp.qw.utils.SinaWeiboUtils] [266]- 正在翻到相册 [微博配图] 下一页...
[2017-10-21 17:52:54 327] [INFO ] [exp.qw.utils.SinaWeiboUtils] [233]- 正在扫描相册 [微博配图] 第 [2] 页中的所有图片地址...
[2017-10-21 17:52:56 858] [INFO ] [exp.qw.utils.SinaWeiboUtils] [247]- 正在等待页面加载图片地址...
[2017-10-21 17:52:57 547] [INFO ] [exp.qw.utils.SinaWeiboUtils] [263]- 扫描相册 [微博配图] 第 [2] 页中的所有图片地址完成.
[2017-10-21 17:52:57 591] [INFO ] [exp.qw.utils.SinaWeiboUtils] [266]- 正在翻到相册 [微博配图] 下一页...
[2017-10-21 17:53:07 591] [INFO ] [exp.qw.utils.SinaWeiboUtils] [233]- 正在扫描相册 [微博配图] 第 [3] 页中的所有图片地址...
[2017-10-21 17:53:09 952] [INFO ] [exp.qw.utils.SinaWeiboUtils] [247]- 正在等待页面加载图片地址...
[2017-10-21 17:53:10 573] [INFO ] [exp.qw.utils.SinaWeiboUtils] [263]- 扫描相册 [微博配图] 第 [3] 页中的所有图片地址完成.
[2017-10-21 17:53:11 415] [WARN ] [exp.qw.utils.SinaWeiboUtils] [286]- 相册 [微博配图] 已到最后一页.
[2017-10-21 17:53:13 287] [INFO ] [exp.libs.warp.net.http.HttpUtils] [258]- 下载文件 [./downloads/微博配图/1508579592866.jpg] 成功, 来源: [http://wx3.sinaimg.cn/large/b6a5370dgy1fkpxfiahf5j20hr0ho0u2.jpg]
[2017-10-21 17:53:14 841] [INFO ] [exp.libs.warp.net.http.HttpUtils] [258]- 下载文件 [./downloads/微博配图/1508579594813.jpg] 成功, 来源: [http://wx4.sinaimg.cn/large/b6a5370dgy1fko3rdeasaj20c80c8jrl.jpg]
[2017-10-21 17:53:17 000] [INFO ] [exp.libs.warp.net.http.HttpUtils] [258]- 下载文件 [./downloads/微博配图/1508579596970.jpg] 成功, 来源: [http://wx1.sinaimg.cn/large/b6a5370dgy1fko3rdiwb5j20c80c8dg2.jpg]
[2017-10-21 17:53:18 101] [INFO ] [exp.libs.warp.net.http.HttpUtils] [258]- 下载文件 [./downloads/微博配图/1508579598078.jpg] 成功, 来源: [http://wx4.sinaimg.cn/large/b6a5370dgy1fko3rdoibtj20c80c8t8v.jpg]
[2017-10-21 17:53:19 561] [INFO ] [exp.libs.warp.net.http.HttpUtils] [258]- 下载文件 [./downloads/微博配图/1508579599532.jpg] 成功, 来源: [http://wx4.sinaimg.cn/large/b6a5370dgy1fko3rds306j20c80c8wem.jpg]
[2017-10-21 17:53:23 004] [INFO ] [exp.libs.warp.net.http.HttpUtils] [258]- 下载文件 [./downloads/微博配图/1508579602901.jpg] 成功, 来源: [http://wx3.sinaimg.cn/large/b6a5370dgy1fknjb951bgj20qo1ben3x.jpg]
[2017-10-21 17:53:25 139] [INFO ] [exp.libs.warp.net.http.HttpUtils] [258]- 下载文件 [./downloads/微博配图/1508579604802.jpg] 成功, 来源: [http://wx2.sinaimg.cn/large/b6a5370dgy1fknjb9yugpj20qo1beq9v.jpg]
[2017-10-21 17:53:27 026] [INFO ] [exp.libs.warp.net.http.HttpUtils] [258]- 下载文件 [./downloads/微博配图/1508579606909.jpg] 成功, 来源: [http://wx2.sinaimg.cn/large/b6a5370dgy1fknjban2fwj20qo1be0yj.jpg]
[2017-10-21 17:53:29 100] [INFO ] [exp.libs.warp.net.http.HttpUtils] [258]- 下载文件 [./downloads/微博配图/1508579608920.jpg] 成功, 来源: [http://wx1.sinaimg.cn/large/b6a5370dgy1fkicnm4i97j20qo1ben2r.jpg]
[2017-10-21 17:53:30 783] [INFO ] [exp.libs.warp.net.http.HttpUtils] [258]- 下载文件 [./downloads/微博配图/1508579610759.jpg] 成功, 来源: [http://wx2.sinaimg.cn/large/b6a5370dgy1fkicnzujv5j205b05iaa1.jpg]
[2017-10-21 17:53:33 177] [INFO ] [exp.libs.warp.net.http.HttpUtils] [258]- 下载文件 [./downloads/微博配图/1508579613147.jpg] 成功, 来源: [http://wx4.sinaimg.cn/large/b6a5370dgy1fkicnzyapej209q09qt91.jpg]
[2017-10-21 17:53:34 863] [INFO ] [exp.libs.warp.net.http.HttpUtils] [258]- 下载文件 [./downloads/微博配图/1508579614816.jpg] 成功, 来源: [http://wx3.sinaimg.cn/large/b6a5370dgy1fkgmvlouh7j20ni0hs765.jpg]
[2017-10-21 17:53:36 500] [INFO ] [exp.libs.warp.net.http.HttpUtils] [258]- 下载文件 [./downloads/微博配图/1508579616465.jpg] 成功, 来源: [http://wx2.sinaimg.cn/large/b6a5370dgy1fkghkppzxgj201p01t3ya.jpg]
[2017-10-21 17:53:37 934] [INFO ] [exp.libs.warp.net.http.HttpUtils] [258]- 下载文件 [./downloads/微博配图/1508579617910.jpg] 成功, 来源: [http://wx1.sinaimg.cn/large/b6a5370dgy1fkghkpsmvaj202d026a9v.jpg]
[2017-10-21 17:53:40 161] [INFO ] [exp.libs.warp.net.http.HttpUtils] [258]- 下载文件 [./downloads/微博配图/1508579620144.jpg] 成功, 来源: [http://wx1.sinaimg.cn/large/b6a5370dgy1fkc4lnut33j202d02ndfn.jpg]
[2017-10-21 17:53:41 901] [INFO ] [exp.libs.warp.net.http.HttpUtils] [258]- 下载文件 [./downloads/微博配图/1508579621841.jpg] 成功, 来源: [http://wx4.sinaimg.cn/large/b6a5370dgy1fk9mzy1v3bj20k00zkdjz.jpg]
[2017-10-21 17:53:44 995] [INFO ] [exp.libs.warp.net.http.HttpUtils] [258]- 下载文件 [./downloads/微博配图/1508579624926.jpg] 成功, 来源: [http://wx2.sinaimg.cn/large/b6a5370dgy1fk9mzyaf03j20k00zkwh2.jpg]
[2017-10-21 17:53:47 040] [INFO ] [exp.libs.warp.net.http.HttpUtils] [258]- 下载文件 [./downloads/微博配图/1508579626992.jpg] 成功, 来源: [http://wx1.sinaimg.cn/large/b6a5370dgy1fk9mzyhybhj20k00qomzn.jpg]
[2017-10-21 17:53:49 177] [INFO ] [exp.libs.warp.net.http.HttpUtils] [258]- 下载文件 [./downloads/微博配图/1508579629136.jpg] 成功, 来源: [http://wx1.sinaimg.cn/large/b6a5370dgy1fk9mzyov11j20k00qo40v.jpg]
[2017-10-21 17:53:51 682] [INFO ] [exp.libs.warp.net.http.HttpUtils] [258]- 下载文件 [./downloads/微博配图/1508579631612.jpg] 成功, 来源: [http://wx3.sinaimg.cn/large/b6a5370dgy1fk9mzz36x6j20qo0qoq7e.jpg]
[2017-10-21 17:53:53 245] [INFO ] [exp.libs.warp.net.http.HttpUtils] [258]- 下载文件 [./downloads/微博配图/1508579633114.jpg] 成功, 来源: [http://wx4.sinaimg.cn/large/b6a5370dgy1fk9mzzo2zoj21bf0qo10z.jpg]
[2017-10-21 17:53:55 204] [INFO ] [exp.libs.warp.net.http.HttpUtils] [258]- 下载文件 [./downloads/微博配图/1508579635157.jpg] 成功, 来源: [http://wx1.sinaimg.cn/large/b6a5370dgy1fk1w4bva11j20hs0hsdgq.jpg]
[2017-10-21 17:53:56 903] [INFO ] [exp.libs.warp.net.http.HttpUtils] [258]- 下载文件 [./downloads/微博配图/1508579636837.jpg] 成功, 来源: [http://wx1.sinaimg.cn/large/b6a5370dgy1fjn3yejaa8j20qo0qoad9.jpg]
[2017-10-21 17:53:59 494] [INFO ] [exp.libs.warp.net.http.HttpUtils] [258]- 下载文件 [./downloads/微博配图/1508579639401.jpg] 成功, 来源: [http://wx1.sinaimg.cn/large/b6a5370dgy1fjgy5fn3uoj20qo0zk43l.jpg]
[2017-10-21 17:54:01 013] [INFO ] [exp.libs.warp.net.http.HttpUtils] [258]- 下载文件 [./downloads/微博配图/1508579640901.jpg] 成功, 来源: [http://wx3.sinaimg.cn/large/b6a5370dgy1fjgy5fyc3xj20qo0zkgqx.jpg]
[2017-10-21 17:54:03 662] [INFO ] [exp.libs.warp.net.http.HttpUtils] [258]- 下载文件 [./downloads/微博配图/1508579643530.jpg] 成功, 来源: [http://wx1.sinaimg.cn/large/b6a5370dgy1fjgy5g8h6rj20qo0zkdko.jpg]
[2017-10-21 17:54:06 120] [INFO ] [exp.libs.warp.net.http.HttpUtils] [258]- 下载文件 [./downloads/微博配图/1508579645967.jpg] 成功, 来源: [http://wx4.sinaimg.cn/large/b6a5370dgy1fjgy5glyjij20qo0zkgr2.jpg]
[2017-10-21 17:54:08 803] [INFO ] [exp.libs.warp.net.http.HttpUtils] [258]- 下载文件 [./downloads/微博配图/1508579648725.jpg] 成功, 来源: [http://wx3.sinaimg.cn/large/b6a5370dgy1fjgy5gyeykj20qo0zkaf9.jpg]
[2017-10-21 17:54:12 259] [INFO ] [exp.libs.warp.net.http.HttpUtils] [258]- 下载文件 [./downloads/微博配图/1508579652189.jpg] 成功, 来源: [http://wx3.sinaimg.cn/large/b6a5370dgy1fjgy5h9k5qj20qo0zk0xz.jpg]
[2017-10-21 17:54:13 521] [INFO ] [exp.libs.warp.net.http.HttpUtils] [258]- 下载文件 [./downloads/微博配图/1508579653486.jpg] 成功, 来源: [http://wx2.sinaimg.cn/large/b6a5370dgy1fizgjmcub2j20qo0qoq4b.jpg]
[2017-10-21 17:54:16 152] [INFO ] [exp.libs.warp.net.http.HttpUtils] [258]- 下载文件 [./downloads/微博配图/1508579656016.jpg] 成功, 来源: [http://wx4.sinaimg.cn/large/b6a5370dgy1fivbycj7xvj21400qo43b.jpg]
[2017-10-21 17:54:17 541] [INFO ] [exp.libs.warp.net.http.HttpUtils] [258]- 下载文件 [./downloads/微博配图/1508579657483.jpg] 成功, 来源: [http://wx1.sinaimg.cn/large/b6a5370dgy1fivbycb25sj20qo140gpu.jpg]
[2017-10-21 17:54:19 505] [INFO ] [exp.libs.warp.net.http.HttpUtils] [258]- 下载文件 [./downloads/微博配图/1508579659382.jpg] 成功, 来源: [http://wx2.sinaimg.cn/large/b6a5370dgy1fivbycsn1sj20qo14044w.jpg]
[2017-10-21 17:54:21 821] [INFO ] [exp.libs.warp.net.http.HttpUtils] [258]- 下载文件 [./downloads/微博配图/1508579661736.jpg] 成功, 来源: [http://wx1.sinaimg.cn/large/b6a5370dgy1fivbydeevhj20qo140tdc.jpg]
[2017-10-21 17:54:24 692] [INFO ] [exp.libs.warp.net.http.HttpUtils] [258]- 下载文件 [./downloads/微博配图/1508579664117.jpg] 成功, 来源: [http://wx4.sinaimg.cn/large/b6a5370dgy1fivbydjm25j20qo140n2f.jpg]
[2017-10-21 17:54:26 740] [INFO ] [exp.libs.warp.net.http.HttpUtils] [258]- 下载文件 [./downloads/微博配图/1508579666608.jpg] 成功, 来源: [http://wx2.sinaimg.cn/large/b6a5370dgy1fivbydpbm9j20qo14079o.jpg]
[2017-10-21 17:54:28 547] [INFO ] [exp.libs.warp.net.http.HttpUtils] [258]- 下载文件 [./downloads/微博配图/1508579668451.jpg] 成功, 来源: [http://wx4.sinaimg.cn/large/b6a5370dgy1fivbye6q75j20qo140ag2.jpg]
[2017-10-21 17:54:30 586] [INFO ] [exp.libs.warp.net.http.HttpUtils] [258]- 下载文件 [./downloads/微博配图/1508579670509.jpg] 成功, 来源: [http://wx3.sinaimg.cn/large/b6a5370dgy1fivbyfagczj20qo14043i.jpg]
[2017-10-21 17:54:32 361] [INFO ] [exp.libs.warp.net.http.HttpUtils] [258]- 下载文件 [./downloads/微博配图/1508579672284.jpg] 成功, 来源: [http://wx4.sinaimg.cn/large/b6a5370dgy1fivbyex0raj20qo140tdy.jpg]
[2017-10-21 17:54:34 408] [INFO ] [exp.libs.warp.net.http.HttpUtils] [258]- 下载文件 [./downloads/微博配图/1508579674362.jpg] 成功, 来源: [http://wx3.sinaimg.cn/large/b6a5370dgy1fin9ksylu9j205b05iaa1.jpg]
[2017-10-21 17:54:36 606] [INFO ] [exp.libs.warp.net.http.HttpUtils] [258]- 下载文件 [./downloads/微博配图/1508579676523.jpg] 成功, 来源: [http://wx1.sinaimg.cn/large/b6a5370dgy1fi949x9xhaj205i05iglk.jpg]
[2017-10-21 17:54:38 407] [INFO ] [exp.libs.warp.net.http.HttpUtils] [258]- 下载文件 [./downloads/微博配图/1508579678270.jpg] 成功, 来源: [http://wx2.sinaimg.cn/large/b6a5370dgy1fi2yij994vj21be0qob29.jpg]
[2017-10-21 17:54:40 987] [INFO ] [exp.libs.warp.net.http.HttpUtils] [258]- 下载文件 [./downloads/微博配图/1508579680855.jpg] 成功, 来源: [http://wx2.sinaimg.cn/large/b6a5370dgy1fi2yil9xx4j21be0qob29.jpg]
[2017-10-21 17:54:43 113] [INFO ] [exp.libs.warp.net.http.HttpUtils] [258]- 下载文件 [./downloads/微博配图/1508579683077.jpg] 成功, 来源: [http://wx4.sinaimg.cn/large/b6a5370dgy1fi1dg87cf4j20j60i6dh9.jpg]
[2017-10-21 17:54:44 898] [INFO ] [exp.libs.warp.net.http.HttpUtils] [258]- 下载文件 [./downloads/微博配图/1508579684843.jpg] 成功, 来源: [http://wx3.sinaimg.cn/large/b6a5370dgy1fi1dg9g9jhj20c80c93zv.jpg]
[2017-10-21 17:54:47 873] [INFO ] [exp.libs.warp.net.http.HttpUtils] [258]- 下载文件 [./downloads/微博配图/1508579687838.jpg] 成功, 来源: [http://wx1.sinaimg.cn/large/b6a5370dgy1fhmt0xot8gj20j60humxt.jpg]
[2017-10-21 17:54:49 269] [INFO ] [exp.libs.warp.net.http.HttpUtils] [258]- 下载文件 [./downloads/微博配图/1508579689251.jpg] 成功, 来源: [http://wx1.sinaimg.cn/large/b6a5370dgy1fhlvwrx0x7g201c01cdfl.gif]
[2017-10-21 17:54:51 514] [INFO ] [exp.libs.warp.net.http.HttpUtils] [258]- 下载文件 [./downloads/微博配图/1508579691392.jpg] 成功, 来源: [http://wx3.sinaimg.cn/large/b6a5370dgy1fhl3lsf984j20qo1be1em.jpg]
[2017-10-21 17:54:53 415] [INFO ] [exp.libs.warp.net.http.HttpUtils] [258]- 下载文件 [./downloads/微博配图/1508579693383.jpg] 成功, 来源: [http://wx4.sinaimg.cn/large/b6a5370dgy1fhidu1omsqj20af0afaam.jpg]
[2017-10-21 17:54:55 253] [INFO ] [exp.libs.warp.net.http.HttpUtils] [258]- 下载文件 [./downloads/微博配图/1508579695204.jpg] 成功, 来源: [http://wx1.sinaimg.cn/large/b6a5370dgy1fhfw27dix1j20jv0is40f.jpg]
[2017-10-21 17:54:57 488] [INFO ] [exp.libs.warp.net.http.HttpUtils] [258]- 下载文件 [./downloads/微博配图/1508579697453.jpg] 成功, 来源: [http://wx3.sinaimg.cn/large/b6a5370dgy1fhboamebsmj20f00qo405.jpg]
[2017-10-21 17:54:58 941] [INFO ] [exp.libs.warp.net.http.HttpUtils] [258]- 下载文件 [./downloads/微博配图/1508579698837.jpg] 成功, 来源: [http://wx4.sinaimg.cn/large/b6a5370dgy1fhboamyhbaj20f00qoabt.jpg]
[2017-10-21 17:55:00 558] [INFO ] [exp.libs.warp.net.http.HttpUtils] [258]- 下载文件 [./downloads/微博配图/1508579700525.jpg] 成功, 来源: [http://wx2.sinaimg.cn/large/b6a5370dgy1fh0bgbx52aj20cs0cst9n.jpg]
[2017-10-21 17:55:01 831] [INFO ] [exp.libs.warp.net.http.HttpUtils] [258]- 下载文件 [./downloads/微博配图/1508579701797.jpg] 成功, 来源: [http://wx4.sinaimg.cn/large/b6a5370dgy1fgwcqbjm30j205i04ldfp.jpg]
[2017-10-21 17:55:04 819] [INFO ] [exp.libs.warp.net.http.HttpUtils] [258]- 下载文件 [./downloads/微博配图/1508579704737.jpg] 成功, 来源: [http://wx2.sinaimg.cn/large/b6a5370dgy1fgwcqbvz69j20ao0a0mxb.jpg]
[2017-10-21 17:55:05 954] [INFO ] [exp.libs.warp.net.http.HttpUtils] [258]- 下载文件 [./downloads/微博配图/1508579705914.jpg] 成功, 来源: [http://wx4.sinaimg.cn/large/b6a5370dgy1fgwcqbvep8j203c0253yb.jpg]
[2017-10-21 17:55:08 428] [INFO ] [exp.libs.warp.net.http.HttpUtils] [258]- 下载文件 [./downloads/微博配图/1508579708411.jpg] 成功, 来源: [http://wx1.sinaimg.cn/large/b6a5370dgy1fgilp4ojlwj205e05ia9z.jpg]
[2017-10-21 17:55:09 951] [INFO ] [exp.libs.warp.net.http.HttpUtils] [258]- 下载文件 [./downloads/微博配图/1508579709876.jpg] 成功, 来源: [http://wx3.sinaimg.cn/large/b6a5370dly1fgedxlaeomj20j60j6do5.jpg]
[2017-10-21 17:55:11 786] [INFO ] [exp.libs.warp.net.http.HttpUtils] [258]- 下载文件 [./downloads/微博配图/1508579711739.jpg] 成功, 来源: [http://wx3.sinaimg.cn/large/b6a5370dgy1ff6deg0jl3g207405c0vv.gif]
[2017-10-21 17:55:13 200] [INFO ] [exp.libs.warp.net.http.HttpUtils] [258]- 下载文件 [./downloads/微博配图/1508579713158.jpg] 成功, 来源: [http://wx3.sinaimg.cn/large/b6a5370dgy1ff6deg860gg207405caax.gif]
[2017-10-21 17:55:14 947] [INFO ] [exp.libs.warp.net.http.HttpUtils] [258]- 下载文件 [./downloads/微博配图/1508579714922.jpg] 成功, 来源: [http://wx2.sinaimg.cn/large/b6a5370dgy1ff6defzu13g207405cgm3.gif]
[2017-10-21 17:55:16 808] [INFO ] [exp.libs.warp.net.http.HttpUtils] [258]- 下载文件 [./downloads/微博配图/1508579716773.jpg] 成功, 来源: [http://wx4.sinaimg.cn/large/b6a5370dgy1ff6degsrp4g207405cmxm.gif]
[2017-10-21 17:55:18 026] [INFO ] [exp.libs.warp.net.http.HttpUtils] [258]- 下载文件 [./downloads/微博配图/1508579718004.jpg] 成功, 来源: [http://wx3.sinaimg.cn/large/b6a5370dgy1ff6degn15zg207405cjry.gif]
[2017-10-21 17:55:19 485] [INFO ] [exp.libs.warp.net.http.HttpUtils] [258]- 下载文件 [./downloads/微博配图/1508579719446.jpg] 成功, 来源: [http://wx2.sinaimg.cn/large/b6a5370dgy1ff6degjhtrg207405c76e.gif]
[2017-10-21 17:55:21 508] [INFO ] [exp.libs.warp.net.http.HttpUtils] [258]- 下载文件 [./downloads/微博配图/1508579721381.jpg] 成功, 来源: [http://wx2.sinaimg.cn/large/b6a5370dgy1ff6dehihp5g207405ctae.gif]
[2017-10-21 17:55:23 081] [INFO ] [exp.libs.warp.net.http.HttpUtils] [258]- 下载文件 [./downloads/微博配图/1508579723052.jpg] 成功, 来源: [http://wx4.sinaimg.cn/large/b6a5370dgy1ff6deh34vjg207405c75i.gif]
[2017-10-21 17:55:26 283] [INFO ] [exp.libs.warp.net.http.HttpUtils] [258]- 下载文件 [./downloads/微博配图/1508579726187.jpg] 成功, 来源: [http://wx1.sinaimg.cn/large/b6a5370dgy1ff6dem2ifig207405cdgx.gif]
[2017-10-21 17:55:27 938] [INFO ] [exp.libs.warp.net.http.HttpUtils] [258]- 下载文件 [./downloads/微博配图/1508579727910.jpg] 成功, 来源: [http://wx3.sinaimg.cn/large/b6a5370dgy1fezjh3ifo1j20ao0a0mxb.jpg]
[2017-10-21 17:55:30 080] [INFO ] [exp.libs.warp.net.http.HttpUtils] [258]- 下载文件 [./downloads/微博配图/1508579729662.jpg] 成功, 来源: [http://wx4.sinaimg.cn/large/b6a5370dgy1feyzmuszjxj20k00zk41o.jpg]
[2017-10-21 17:55:31 529] [INFO ] [exp.libs.warp.net.http.HttpUtils] [258]- 下载文件 [./downloads/微博配图/1508579731474.jpg] 成功, 来源: [http://wx4.sinaimg.cn/large/b6a5370dgy1feyzmuv7epj20k00zkgor.jpg]
[2017-10-21 17:55:33 089] [INFO ] [exp.libs.warp.net.http.HttpUtils] [258]- 下载文件 [./downloads/微博配图/1508579733066.jpg] 成功, 来源: [http://wx2.sinaimg.cn/large/b6a5370dgy1fein4swms5j20eg0egaan.jpg]
[2017-10-21 17:55:35 476] [INFO ] [exp.libs.warp.net.http.HttpUtils] [258]- 下载文件 [./downloads/微博配图/1508579735358.jpg] 成功, 来源: [http://wx4.sinaimg.cn/large/b6a5370dgy1fehh1xjzi9j20qo1be46g.jpg]
[2017-10-21 17:55:37 117] [INFO ] [exp.libs.warp.net.http.HttpUtils] [258]- 下载文件 [./downloads/微博配图/1508579737091.jpg] 成功, 来源: [http://wx3.sinaimg.cn/large/b6a5370dgy1fealdh60eoj209q09qglx.jpg]
[2017-10-21 17:55:38 748] [INFO ] [exp.libs.warp.net.http.HttpUtils] [258]- 下载文件 [./downloads/微博配图/1508579738694.jpg] 成功, 来源: [http://wx4.sinaimg.cn/large/b6a5370dgy1fe45zdnqhmj20qo0qo41v.jpg]
[2017-10-21 17:55:40 482] [INFO ] [exp.libs.warp.net.http.HttpUtils] [258]- 下载文件 [./downloads/微博配图/1508579740460.jpg] 成功, 来源: [http://wx2.sinaimg.cn/large/b6a5370dgy1fdhpyabc8jj20e606i3ys.jpg]
[2017-10-21 17:55:46 271] [INFO ] [exp.libs.warp.net.http.HttpUtils] [258]- 下载文件 [./downloads/微博配图/1508579744782.jpg] 成功, 来源: [http://wx3.sinaimg.cn/large/b6a5370dgy1fdg0g30p95g208w06o7wi.gif]
[2017-10-21 17:55:48 117] [INFO ] [exp.libs.warp.net.http.HttpUtils] [258]- 下载文件 [./downloads/微博配图/1508579748083.jpg] 成功, 来源: [http://wx2.sinaimg.cn/large/b6a5370dgy1fdbw60wi17j20ew08wjs8.jpg]
[2017-10-21 17:55:49 766] [INFO ] [exp.libs.warp.net.http.HttpUtils] [258]- 下载文件 [./downloads/微博配图/1508579749736.jpg] 成功, 来源: [http://wx3.sinaimg.cn/large/b6a5370dgy1fdaaqzow63j20cs0cst9n.jpg]
[2017-10-21 17:55:51 499] [INFO ] [exp.libs.warp.net.http.HttpUtils] [258]- 下载文件 [./downloads/微博配图/1508579751481.jpg] 成功, 来源: [http://wx3.sinaimg.cn/large/b6a5370dgy1fdaar0gfmkj203i03oglh.jpg]
[2017-10-21 17:55:53 554] [INFO ] [exp.libs.warp.net.http.HttpUtils] [258]- 下载文件 [./downloads/微博配图/1508579753467.jpg] 成功, 来源: [http://wx4.sinaimg.cn/large/b6a5370dgy1fcn802pmzvj20zj0qo7a2.jpg]
[2017-10-21 17:55:56 999] [INFO ] [exp.libs.warp.net.http.HttpUtils] [258]- 下载文件 [./downloads/微博配图/1508579756886.jpg] 成功, 来源: [http://wx4.sinaimg.cn/large/b6a5370dgy1fc7mxt3u7fg205k05k7c6.gif]
[2017-10-21 17:55:58 707] [INFO ] [exp.libs.warp.net.http.HttpUtils] [258]- 下载文件 [./downloads/微博配图/1508579758613.jpg] 成功, 来源: [http://wx1.sinaimg.cn/large/b6a5370dgy1fc7mxtl8png207c05ktf9.gif]
[2017-10-21 17:56:01 350] [INFO ] [exp.libs.warp.net.http.HttpUtils] [258]- 下载文件 [./downloads/微博配图/1508579761158.jpg] 成功, 来源: [http://wx4.sinaimg.cn/large/b6a5370dgy1fc7mxujuymg205k05kk5h.gif]
[2017-10-21 17:56:02 717] [INFO ] [exp.libs.warp.net.http.HttpUtils] [258]- 下载文件 [./downloads/微博配图/1508579762658.jpg] 成功, 来源: [http://wx3.sinaimg.cn/large/b6a5370dgy1fbu2oka1epj20qo0qogoe.jpg]
[2017-10-21 17:56:05 097] [INFO ] [exp.libs.warp.net.http.HttpUtils] [258]- 下载文件 [./downloads/微博配图/1508579764788.jpg] 成功, 来源: [http://ww3.sinaimg.cn/large/b6a5370dgw1fbp87uage1j20qo1be47s.jpg]
[2017-10-21 17:56:06 876] [INFO ] [exp.libs.warp.net.http.HttpUtils] [258]- 下载文件 [./downloads/微博配图/1508579766770.jpg] 成功, 来源: [http://ww4.sinaimg.cn/large/b6a5370dgw1f8u4itw5rfj20hs0noacv.jpg]
[2017-10-21 17:56:06 876] [INFO ] [exp.qw.utils.SinaWeiboUtils] [158]- 爬取相册 [微博配图] 完成, 共爬取 [86] 张照片.
[2017-10-21 17:56:06 876] [INFO ] [exp.qw.utils.SinaWeiboUtils] [122]- 爬取相册 [微博配图] 完成, 避免反爬, 休眠30秒.
[2017-10-21 17:56:36 877] [INFO ] [exp.qw.utils.SinaWeiboUtils] [125]- 爬取微博相册专辑完成, 共爬取 [http://photo.weibo.com/3064280845/albums] 张照片.
