生成启动时间为 2017-10-09 11:31:11。
     1>项目“D:\workspace\VC\RE\ASM2010\ASM2010\ASM2010.vcxproj”在节点 2 上(build 个目标)。
     1>InitializeBuildStatus:
         正在创建“Debug\ASM2010.unsuccessfulbuild”，因为已指定“AlwaysCreate”。
       ClCompile:
         E:\07_reverse-engineering\VS2010\VC\bin\CL.exe /c /ZI /nologo /W3 /WX- /Od /Oy- /D WIN32 /D _DEBUG /D _CONSOLE /D _UNICODE /D UNICODE /Gm /EHsc /RTC1 /MDd /GS /fp:precise /Zc:wchar_t /Zc:forScope /Fo"Debug\\" /Fd"Debug\vc100.pdb" /Gd /TP /analyze- /errorReport:prompt Main.cpp
         Main.cpp
       ManifestResourceCompile:
         所有输出均为最新。
       Link:
         E:\07_reverse-engineering\VS2010\VC\bin\link.exe /ERRORREPORT:PROMPT /OUT:"D:\workspace\VC\RE\ASM2010\Debug\ASM2010.exe" /INCREMENTAL /NOLOGO kernel32.lib user32.lib gdi32.lib winspool.lib comdlg32.lib advapi32.lib shell32.lib ole32.lib oleaut32.lib uuid.lib odbc32.lib odbccp32.lib /MANIFEST /ManifestFile:"Debug\ASM2010.exe.intermediate.manifest" /MANIFESTUAC:"level='asInvoker' uiAccess='false'" /DEBUG /PDB:"D:\workspace\VC\RE\ASM2010\Debug\ASM2010.pdb" /SUBSYSTEM:CONSOLE /TLBID:1 /DYNAMICBASE /NXCOMPAT /IMPLIB:"D:\workspace\VC\RE\ASM2010\Debug\ASM2010.lib" /MACHINE:X86 Debug\ASM2010.exe.embed.manifest.res
         Debug\Main.obj
       Manifest:
         C:\Program Files (x86)\Microsoft SDKs\Windows\v7.0A\bin\mt.exe /nologo /verbose /out:"Debug\ASM2010.exe.embed.manifest" /manifest Debug\ASM2010.exe.intermediate.manifest
         所有输出均为最新。
       LinkEmbedManifest:
         所有输出均为最新。
         ASM2010.vcxproj -> D:\workspace\VC\RE\ASM2010\Debug\ASM2010.exe
       FinalizeBuildStatus:
         正在删除文件“Debug\ASM2010.unsuccessfulbuild”。
         正在对“Debug\ASM2010.lastbuildstate”执行 Touch 任务。
     1>已完成生成项目“D:\workspace\VC\RE\ASM2010\ASM2010\ASM2010.vcxproj”(build 个目标)的操作。

生成成功。

已用时间 00:00:00.95
